-Xajruntimetarget:1.5
-1.7
-encoding
UTF-8
-source
1.7
-target
1.7
-classpath
/build/mts/release/bora-11397901/bora/build/build/vsan-m2-repo/org/springframework/spring-context/3.1.4.RELEASE/spring-context-3.1.4.RELEASE.jar:/build/mts/release/bora-11397901/bora/build/build/vsan-m2-repo/org/springframework/spring-web/3.1.4.RELEASE/spring-web-3.1.4.RELEASE.jar:/build/mts/release/bora-11397901/bora/build/build/vsan-m2-repo/org/springframework/spring-beans/3.1.4.RELEASE/spring-beans-3.1.4.RELEASE.jar:/build/mts/release/bora-11397901/bora/build/build/vsan-m2-repo/org/slf4j/slf4j-api/1.6.1/slf4j-api-1.6.1.jar:/build/mts/release/bora-11397901/bora/build/build/vsan-m2-repo/org/aspectj/com.springsource.org.aspectj.runtime/1.6.2.RELEASE/com.springsource.org.aspectj.runtime-1.6.2.RELEASE.jar:/build/mts/release/bora-11397901/bora/build/build/vsan-m2-repo/com/google/code/gson/gson/2.3.1/gson-2.3.1.jar:/build/mts/release/bora-11397901/bora/build/build/vsan-m2-repo/com/google/guava/guava/16.0.1/guava-16.0.1.jar:/build/mts/release/bora-11397901/bora/build/build/vsan-m2-repo/com/vmware/vsphere/client/vsphere-h5client-sdk/6.6.1-SNAPSHOT-storage-main/vsphere-h5client-sdk-6.6.1-SNAPSHOT-storage-main.jar:/build/mts/release/bora-11397901/bora/build/build/vsan-m2-repo/org/json/org.json/2.0/org.json-2.0.jar:/build/mts/release/bora-11397901/bora/build/build/vsan-m2-repo/org/apache/httpcomponents/httpclient/4.5.3/httpclient-4.5.3.jar:/build/mts/release/bora-11397901/bora/build/build/vsan-m2-repo/commons-fileupload/commons-fileupload/1.3/commons-fileupload-1.3.jar:/build/mts/release/bora-11397901/bora/build/build/vsan-m2-repo/commons-net/commons-net/3.5/commons-net-3.5.jar:/build/mts/release/bora-11397901/vsan-mgmt-ui/tools/proxygen-ts/target/proxygen-ts-6.5.0.11397901-storage-main.jar:/build/mts/release/bora-11397901/bora/build/build/vsan-m2-repo/com/vmware/vim/lookupservice-bindings-client/1.0.0/lookupservice-bindings-client-1.0.0.jar:/build/mts/release/bora-11397901/bora/build/build/vsan-m2-repo/com/vmware/vim/wstClient/1.0.0/wstClient-1.0.0.jar:/build/mts/release/bora-11397901/bora/build/build/vsan-m2-repo/com/vmware/vim/samltoken/1.0.0/samltoken-1.0.0.jar:/build/mts/release/bora-11397901/bora/build/build/vsan-m2-repo/com/vmware/vim/sso-adminserver-client-bindings/1.0.0/sso-adminserver-client-bindings-1.0.0.jar:/build/mts/release/bora-11397901/bora/build/build/vsan-m2-repo/com/vmware/vim/authentication-framework/1.0.0/authentication-framework-1.0.0.jar:/build/mts/release/bora-11397901/bora/build/build/vsan-m2-repo/com/vmware/vim/authentication-framework-jna/1.0.0/authentication-framework-jna-1.0.0.jar:/build/mts/release/bora-11397901/bora/build/build/vsan-m2-repo/com/vmware/vim/authentication-framework-platform/1.0.0/authentication-framework-platform-1.0.0.jar:/build/mts/release/bora-11397901/vsan-mgmt-ui/libs/install-java-artifacts/install-vsan/vsandp-vmodl/target/vsandp-vmodl-6.5.0.11397901-storage-main.jar:/build/mts/release/bora-11397901/bora/build/build/vsan-m2-repo/org/springframework/spring-core/3.1.4.RELEASE/spring-core-3.1.4.RELEASE.jar:/build/mts/release/bora-11397901/bora/build/build/vsan-m2-repo/commons-lang/commons-lang/2.5/commons-lang-2.5.jar:/build/mts/release/bora-11397901/bora/build/build/vsan-m2-repo/commons-collections/commons-collections/3.2.2/commons-collections-3.2.2.jar:/build/mts/release/bora-11397901/bora/build/build/vsan-m2-repo/javax/servlet/javax.servlet-api/3.1.0/javax.servlet-api-3.1.0.jar:/build/mts/release/bora-11397901/bora/build/build/vsan-m2-repo/commons-logging/commons-logging/1.2/commons-logging-1.2.jar:/build/mts/release/bora-11397901/vsan-mgmt-ui/libs/install-java-artifacts/install-vimbase/install-vimbase-vmodl/target/install-vimbase-vmodl-6.0.0-SNAPSHOT-storage-main.jar:/build/mts/release/bora-11397901/bora/build/build/vsan-m2-repo/com/vmware/vlsi/vlsi-core/6.0.0-SNAPSHOT-storage-main/vlsi-core-6.0.0-SNAPSHOT-storage-main.jar:/build/mts/release/bora-11397901/bora/build/build/vsan-m2-repo/com/vmware/vlsi/vlsi-client/6.0.0-SNAPSHOT-storage-main/vlsi-client-6.0.0-SNAPSHOT-storage-main.jar:/build/mts/release/bora-11397901/vsan-mgmt-ui/libs/install-java-artifacts/install-spbm/install-spbm-vmodl/target/install-spbm-vmodl-6.0.0-SNAPSHOT-storage-main.jar:/build/mts/release/bora-11397901/vsan-mgmt-ui/libs/install-java-artifacts/install-vsan/vsan-vmodl/target/vsan-vmodl-6.5.0.11397901-storage-main.jar:/build/mts/release/bora-11397901/bora/build/build/vsan-m2-repo/org/codehaus/jackson/jackson-mapper-asl/1.9.6/jackson-mapper-asl-1.9.6.jar:/build/mts/release/bora-11397901/bora/build/build/vsan-m2-repo/org/springframework/spring-aop/3.1.4.RELEASE/spring-aop-3.1.4.RELEASE.jar:/build/mts/release/bora-11397901/bora/build/build/vsan-m2-repo/org/springframework/spring-expression/3.1.4.RELEASE/spring-expression-3.1.4.RELEASE.jar:/build/mts/release/bora-11397901/bora/build/build/vsan-m2-repo/org/springframework/spring-asm/3.1.4.RELEASE/spring-asm-3.1.4.RELEASE.jar:/build/mts/release/bora-11397901/bora/build/build/vsan-m2-repo/aopalliance/aopalliance/1.0/aopalliance-1.0.jar:/build/mts/release/bora-11397901/bora/build/build/vsan-m2-repo/org/apache/httpcomponents/httpcore/4.4.6/httpcore-4.4.6.jar:/build/mts/release/bora-11397901/bora/build/build/vsan-m2-repo/commons-codec/commons-codec/1.9/commons-codec-1.9.jar:/build/mts/release/bora-11397901/bora/build/build/vsan-m2-repo/commons-io/commons-io/2.2/commons-io-2.2.jar:/build/mts/release/bora-11397901/bora/build/build/vsan-m2-repo/com/vmware/vlsi/vlsi-emitter/6.0.0-SNAPSHOT-storage-main/vlsi-emitter-6.0.0-SNAPSHOT-storage-main.jar:/build/mts/release/bora-11397901/bora/build/build/vsan-m2-repo/com/vmware/vlsi/vlsi-emitter-vmodl/6.0.0-SNAPSHOT-storage-main/vlsi-emitter-vmodl-6.0.0-SNAPSHOT-storage-main.jar:/build/mts/release/bora-11397901/bora/build/build/vsan-m2-repo/com/vmware/vlsi/vlsi-query-vmodl/6.0.0-SNAPSHOT-storage-main/vlsi-query-vmodl-6.0.0-SNAPSHOT-storage-main.jar:/build/mts/release/bora-11397901/bora/build/build/vsan-m2-repo/com/vmware/vlsi/vlsi-reflect-vmodl/6.0.0-SNAPSHOT-storage-main/vlsi-reflect-vmodl-6.0.0-SNAPSHOT-storage-main.jar:/build/mts/release/bora-11397901/vsan-mgmt-ui/libs/install-java-artifacts/install-vimbase/install-vimbase-versions/target/install-vimbase-versions-6.0.0-SNAPSHOT-storage-main.jar:/build/mts/release/bora-11397901/vsan-mgmt-ui/libs/install-java-artifacts/install-spbm/install-spbm-versions/target/install-spbm-versions-6.0.0-SNAPSHOT-storage-main.jar:/build/mts/release/bora-11397901/bora/build/build/vsan-m2-repo/org/codehaus/jackson/jackson-core-asl/1.9.6/jackson-core-asl-1.9.6.jar:/build/mts/release/bora-11397901/vsan-mgmt-ui/h5-plugin/h5-vsan-service/target/classes
-d
/build/mts/release/bora-11397901/vsan-mgmt-ui/h5-plugin/h5-vsan-service/target/classes
/build/mts/release/bora-11397901/vsan-mgmt-ui/h5-plugin/h5-vsan-service/src/main/java/com/vmware/vsan/client/services/ProxygenController.java
/build/mts/release/bora-11397901/vsan-mgmt-ui/h5-plugin/h5-vsan-service/src/main/java/com/vmware/vsan/client/services/resyncing/VsanResyncingIscsiTargetComponentsProvider.java
/build/mts/release/bora-11397901/vsan-mgmt-ui/h5-plugin/h5-vsan-service/src/main/java/com/vmware/vsan/client/services/resyncing/VsanResyncingComponentsRetriever.java
/build/mts/release/bora-11397901/vsan-mgmt-ui/h5-plugin/h5-vsan-service/src/main/java/com/vmware/vsan/client/services/resyncing/VsanResyncingComponentsProvider.java
/build/mts/release/bora-11397901/vsan-mgmt-ui/h5-plugin/h5-vsan-service/src/main/java/com/vmware/vsan/client/services/resyncing/data/HostResyncTrafficData.java
/build/mts/release/bora-11397901/vsan-mgmt-ui/h5-plugin/h5-vsan-service/src/main/java/com/vmware/vsan/client/services/resyncing/data/DelayTimerData.java
/build/mts/release/bora-11397901/vsan-mgmt-ui/h5-plugin/h5-vsan-service/src/main/java/com/vmware/vsan/client/services/resyncing/data/VsanSyncingObjectsQuerySpec.java
/build/mts/release/bora-11397901/vsan-mgmt-ui/h5-plugin/h5-vsan-service/src/main/java/com/vmware/vsan/client/services/resyncing/data/RepairTimerData.java
/build/mts/release/bora-11397901/vsan-mgmt-ui/h5-plugin/h5-vsan-service/src/main/java/com/vmware/vsan/client/services/resyncing/data/ResyncComponent.java
/build/mts/release/bora-11397901/vsan-mgmt-ui/h5-plugin/h5-vsan-service/src/main/java/com/vmware/vsan/client/services/resyncing/data/ResyncMonitorData.java
/build/mts/release/bora-11397901/vsan-mgmt-ui/h5-plugin/h5-vsan-service/src/main/java/com/vmware/vsan/client/services/vum/VumLoginService.java
/build/mts/release/bora-11397901/vsan-mgmt-ui/h5-plugin/h5-vsan-service/src/main/java/com/vmware/vsan/client/services/RestControllerBase.java
/build/mts/release/bora-11397901/vsan-mgmt-ui/h5-plugin/h5-vsan-service/src/main/java/com/vmware/vsan/client/services/virtualobjects/VsanObjectSystemProvider.java
/build/mts/release/bora-11397901/vsan-mgmt-ui/h5-plugin/h5-vsan-service/src/main/java/com/vmware/vsan/client/services/virtualobjects/VsanVirtualObjectsProvider.java
/build/mts/release/bora-11397901/vsan-mgmt-ui/h5-plugin/h5-vsan-service/src/main/java/com/vmware/vsan/client/services/virtualobjects/VirtualObjectsService.java
/build/mts/release/bora-11397901/vsan-mgmt-ui/h5-plugin/h5-vsan-service/src/main/java/com/vmware/vsan/client/services/virtualobjects/VsanVirtualDisksDataProvider.java
/build/mts/release/bora-11397901/vsan-mgmt-ui/h5-plugin/h5-vsan-service/src/main/java/com/vmware/vsan/client/services/virtualobjects/data/VmObjectsData.java
/build/mts/release/bora-11397901/vsan-mgmt-ui/h5-plugin/h5-vsan-service/src/main/java/com/vmware/vsan/client/services/virtualobjects/data/VsanObjectHealthData.java
/build/mts/release/bora-11397901/vsan-mgmt-ui/h5-plugin/h5-vsan-service/src/main/java/com/vmware/vsan/client/services/virtualobjects/data/VirtualObjectModel.java
/build/mts/release/bora-11397901/vsan-mgmt-ui/h5-plugin/h5-vsan-service/src/main/java/com/vmware/vsan/client/services/virtualobjects/data/VirtualObjectType.java
/build/mts/release/bora-11397901/vsan-mgmt-ui/h5-plugin/h5-vsan-service/src/main/java/com/vmware/vsan/client/services/virtualobjects/data/VirtualObjectsFilter.java
/build/mts/release/bora-11397901/vsan-mgmt-ui/h5-plugin/h5-vsan-service/src/main/java/com/vmware/vsan/client/services/virtualobjects/data/VsanVmObject.java
/build/mts/release/bora-11397901/vsan-mgmt-ui/h5-plugin/h5-vsan-service/src/main/java/com/vmware/vsan/client/services/virtualobjects/data/VirtualObjectPlacementModel.java
/build/mts/release/bora-11397901/vsan-mgmt-ui/h5-plugin/h5-vsan-service/src/main/java/com/vmware/vsan/client/services/virtualobjects/data/VirtualObjectsResult.java
/build/mts/release/bora-11397901/vsan-mgmt-ui/h5-plugin/h5-vsan-service/src/main/java/com/vmware/vsan/client/services/obfuscation/ObfuscationController.java
/build/mts/release/bora-11397901/vsan-mgmt-ui/h5-plugin/h5-vsan-service/src/main/java/com/vmware/vsan/client/services/obfuscation/model/ObfuscationData.java
/build/mts/release/bora-11397901/vsan-mgmt-ui/h5-plugin/h5-vsan-service/src/main/java/com/vmware/vsan/client/services/obfuscation/ObfuscationService.java
/build/mts/release/bora-11397901/vsan-mgmt-ui/h5-plugin/h5-vsan-service/src/main/java/com/vmware/vsan/client/services/inventory/InventoryEntryData.java
/build/mts/release/bora-11397901/vsan-mgmt-ui/h5-plugin/h5-vsan-service/src/main/java/com/vmware/vsan/client/services/inventory/InventoryBrowserService.java
/build/mts/release/bora-11397901/vsan-mgmt-ui/h5-plugin/h5-vsan-service/src/main/java/com/vmware/vsan/client/services/inventory/ComputeInventoryService.java
/build/mts/release/bora-11397901/vsan-mgmt-ui/h5-plugin/h5-vsan-service/src/main/java/com/vmware/vsan/client/services/inventory/VmInventoryService.java
/build/mts/release/bora-11397901/vsan-mgmt-ui/h5-plugin/h5-vsan-service/src/main/java/com/vmware/vsan/client/services/inventory/WitnessCandidateInventoryService.java
/build/mts/release/bora-11397901/vsan-mgmt-ui/h5-plugin/h5-vsan-service/src/main/java/com/vmware/vsan/client/services/inventory/NetworkInventoryService.java
/build/mts/release/bora-11397901/vsan-mgmt-ui/h5-plugin/h5-vsan-service/src/main/java/com/vmware/vsan/client/services/inventory/DatacenterInventoryService.java
/build/mts/release/bora-11397901/vsan-mgmt-ui/h5-plugin/h5-vsan-service/src/main/java/com/vmware/vsan/client/services/inventory/VmFolderInventorySerivce.java
/build/mts/release/bora-11397901/vsan-mgmt-ui/h5-plugin/h5-vsan-service/src/main/java/com/vmware/vsan/client/services/advancedoptions/AdvancedOptionsService.java
/build/mts/release/bora-11397901/vsan-mgmt-ui/h5-plugin/h5-vsan-service/src/main/java/com/vmware/vsan/client/services/advancedoptions/AdvancedOptionsInfo.java
/build/mts/release/bora-11397901/vsan-mgmt-ui/h5-plugin/h5-vsan-service/src/main/java/com/vmware/vsan/client/services/DataAccessController.java
/build/mts/release/bora-11397901/vsan-mgmt-ui/h5-plugin/h5-vsan-service/src/main/java/com/vmware/vsan/client/services/diskGroups/data/DiskMappingSpec.java
/build/mts/release/bora-11397901/vsan-mgmt-ui/h5-plugin/h5-vsan-service/src/main/java/com/vmware/vsan/client/services/diskGroups/data/RecreateDiskGroupSpec.java
/build/mts/release/bora-11397901/vsan-mgmt-ui/h5-plugin/h5-vsan-service/src/main/java/com/vmware/vsan/client/services/diskGroups/data/VsanDiskMapping.java
/build/mts/release/bora-11397901/vsan-mgmt-ui/h5-plugin/h5-vsan-service/src/main/java/com/vmware/vsan/client/services/diskGroups/data/DecommissionMode.java
/build/mts/release/bora-11397901/vsan-mgmt-ui/h5-plugin/h5-vsan-service/src/main/java/com/vmware/vsan/client/services/diskGroups/data/RemoveDiskGroupSpec.java
/build/mts/release/bora-11397901/vsan-mgmt-ui/h5-plugin/h5-vsan-service/src/main/java/com/vmware/vsan/client/services/diskGroups/data/RemoveDiskSpec.java
/build/mts/release/bora-11397901/vsan-mgmt-ui/h5-plugin/h5-vsan-service/src/main/java/com/vmware/vsan/client/services/diskGroups/DiskGroupMutationService.java
/build/mts/release/bora-11397901/vsan-mgmt-ui/h5-plugin/h5-vsan-service/src/main/java/com/vmware/vsan/client/services/configurecluster/HostFaultDomainData.java
/build/mts/release/bora-11397901/vsan-mgmt-ui/h5-plugin/h5-vsan-service/src/main/java/com/vmware/vsan/client/services/configurecluster/ConfigureClusterService.java
/build/mts/release/bora-11397901/vsan-mgmt-ui/h5-plugin/h5-vsan-service/src/main/java/com/vmware/vsan/client/services/config/VsanConfigService.java
/build/mts/release/bora-11397901/vsan-mgmt-ui/h5-plugin/h5-vsan-service/src/main/java/com/vmware/vsan/client/services/config/VsanServiceData.java
/build/mts/release/bora-11397901/vsan-mgmt-ui/h5-plugin/h5-vsan-service/src/main/java/com/vmware/vsan/client/services/config/VsanServiceStatus.java
/build/mts/release/bora-11397901/vsan-mgmt-ui/h5-plugin/h5-vsan-service/src/main/java/com/vmware/vsan/client/services/health/PurgeInaccessibleVmSwapObjectsProvider.java
/build/mts/release/bora-11397901/vsan-mgmt-ui/h5-plugin/h5-vsan-service/src/main/java/com/vmware/vsan/client/services/iscsi/NetworkIpConfigProvider.java
/build/mts/release/bora-11397901/vsan-mgmt-ui/h5-plugin/h5-vsan-service/src/main/java/com/vmware/vsan/client/services/hci/model/ValidationData.java
/build/mts/release/bora-11397901/vsan-mgmt-ui/h5-plugin/h5-vsan-service/src/main/java/com/vmware/vsan/client/services/hci/model/ConfigureWizardData.java
/build/mts/release/bora-11397901/vsan-mgmt-ui/h5-plugin/h5-vsan-service/src/main/java/com/vmware/vsan/client/services/hci/model/BasicClusterConfigData.java
/build/mts/release/bora-11397901/vsan-mgmt-ui/h5-plugin/h5-vsan-service/src/main/java/com/vmware/vsan/client/services/hci/model/ExistingDvsData.java
/build/mts/release/bora-11397901/vsan-mgmt-ui/h5-plugin/h5-vsan-service/src/main/java/com/vmware/vsan/client/services/hci/model/ConfigCardData.java
/build/mts/release/bora-11397901/vsan-mgmt-ui/h5-plugin/h5-vsan-service/src/main/java/com/vmware/vsan/client/services/hci/model/IpAddressesRequestSpec.java
/build/mts/release/bora-11397901/vsan-mgmt-ui/h5-plugin/h5-vsan-service/src/main/java/com/vmware/vsan/client/services/hci/model/VsanHealthCheck.java
/build/mts/release/bora-11397901/vsan-mgmt-ui/h5-plugin/h5-vsan-service/src/main/java/com/vmware/vsan/client/services/hci/model/HostAdapter.java
/build/mts/release/bora-11397901/vsan-mgmt-ui/h5-plugin/h5-vsan-service/src/main/java/com/vmware/vsan/client/services/hci/model/DvsSpec.java
/build/mts/release/bora-11397901/vsan-mgmt-ui/h5-plugin/h5-vsan-service/src/main/java/com/vmware/vsan/client/services/hci/model/HostInCluster.java
/build/mts/release/bora-11397901/vsan-mgmt-ui/h5-plugin/h5-vsan-service/src/main/java/com/vmware/vsan/client/services/hci/model/DvsData.java
/build/mts/release/bora-11397901/vsan-mgmt-ui/h5-plugin/h5-vsan-service/src/main/java/com/vmware/vsan/client/services/hci/model/VlanData.java
/build/mts/release/bora-11397901/vsan-mgmt-ui/h5-plugin/h5-vsan-service/src/main/java/com/vmware/vsan/client/services/hci/model/QuickstartViewData.java
/build/mts/release/bora-11397901/vsan-mgmt-ui/h5-plugin/h5-vsan-service/src/main/java/com/vmware/vsan/client/services/hci/model/Service.java
/build/mts/release/bora-11397901/vsan-mgmt-ui/h5-plugin/h5-vsan-service/src/main/java/com/vmware/vsan/client/services/hci/model/DrsAutoLevel.java
/build/mts/release/bora-11397901/vsan-mgmt-ui/h5-plugin/h5-vsan-service/src/main/java/com/vmware/vsan/client/services/hci/model/HciWorkflowState.java
/build/mts/release/bora-11397901/vsan-mgmt-ui/h5-plugin/h5-vsan-service/src/main/java/com/vmware/vsan/client/services/hci/model/NetServiceConfig.java
/build/mts/release/bora-11397901/vsan-mgmt-ui/h5-plugin/h5-vsan-service/src/main/java/com/vmware/vsan/client/services/hci/model/ExistingDvpgData.java
/build/mts/release/bora-11397901/vsan-mgmt-ui/h5-plugin/h5-vsan-service/src/main/java/com/vmware/vsan/client/services/hci/model/ClusterConfigData.java
/build/mts/release/bora-11397901/vsan-mgmt-ui/h5-plugin/h5-vsan-service/src/main/java/com/vmware/vsan/client/services/hci/model/EvcModeConfigData.java
/build/mts/release/bora-11397901/vsan-mgmt-ui/h5-plugin/h5-vsan-service/src/main/java/com/vmware/vsan/client/services/hci/model/DvpgData.java
/build/mts/release/bora-11397901/vsan-mgmt-ui/h5-plugin/h5-vsan-service/src/main/java/com/vmware/vsan/client/services/hci/model/LockdownMode.java
/build/mts/release/bora-11397901/vsan-mgmt-ui/h5-plugin/h5-vsan-service/src/main/java/com/vmware/vsan/client/services/hci/model/EvcModeData.java
/build/mts/release/bora-11397901/vsan-mgmt-ui/h5-plugin/h5-vsan-service/src/main/java/com/vmware/vsan/client/services/hci/model/HciPermissionData.java
/build/mts/release/bora-11397901/vsan-mgmt-ui/h5-plugin/h5-vsan-service/src/main/java/com/vmware/vsan/client/services/hci/model/VsanClusterType.java
/build/mts/release/bora-11397901/vsan-mgmt-ui/h5-plugin/h5-vsan-service/src/main/java/com/vmware/vsan/client/services/hci/model/VlanType.java
/build/mts/release/bora-11397901/vsan-mgmt-ui/h5-plugin/h5-vsan-service/src/main/java/com/vmware/vsan/client/services/hci/HciClusterService.java
/build/mts/release/bora-11397901/vsan-mgmt-ui/h5-plugin/h5-vsan-service/src/main/java/com/vmware/vsan/client/services/update/UpdateDbService.java
/build/mts/release/bora-11397901/vsan-mgmt-ui/h5-plugin/h5-vsan-service/src/main/java/com/vmware/vsan/client/services/proactivetests/ProactiveTestsService.java
/build/mts/release/bora-11397901/vsan-mgmt-ui/h5-plugin/h5-vsan-service/src/main/java/com/vmware/vsan/client/services/dataprotection/model/DatastoreData.java
/build/mts/release/bora-11397901/vsan-mgmt-ui/h5-plugin/h5-vsan-service/src/main/java/com/vmware/vsan/client/services/dataprotection/model/ClusterDpConfigData.java
/build/mts/release/bora-11397901/vsan-mgmt-ui/h5-plugin/h5-vsan-service/src/main/java/com/vmware/vsan/client/services/dataprotection/ClusterDpConfigService.java
/build/mts/release/bora-11397901/vsan-mgmt-ui/h5-plugin/h5-vsan-service/src/main/java/com/vmware/vsan/client/services/physicaldisks/PhysicalDisksHostData.java
/build/mts/release/bora-11397901/vsan-mgmt-ui/h5-plugin/h5-vsan-service/src/main/java/com/vmware/vsan/client/services/physicaldisks/PhysicalDisksService.java
/build/mts/release/bora-11397901/vsan-mgmt-ui/h5-plugin/h5-vsan-service/src/main/java/com/vmware/vsan/client/services/physicaldisks/VsanDiskMappingsProvider.java
/build/mts/release/bora-11397901/vsan-mgmt-ui/h5-plugin/h5-vsan-service/src/main/java/com/vmware/vsan/client/services/ProxygenSerializer.java
/build/mts/release/bora-11397901/vsan-mgmt-ui/h5-plugin/h5-vsan-service/src/main/java/com/vmware/vsan/client/services/diskmanagement/DiskGroupData.java
/build/mts/release/bora-11397901/vsan-mgmt-ui/h5-plugin/h5-vsan-service/src/main/java/com/vmware/vsan/client/services/diskmanagement/DiskManagementService.java
/build/mts/release/bora-11397901/vsan-mgmt-ui/h5-plugin/h5-vsan-service/src/main/java/com/vmware/vsan/client/services/diskmanagement/DiskData.java
/build/mts/release/bora-11397901/vsan-mgmt-ui/h5-plugin/h5-vsan-service/src/main/java/com/vmware/vsan/client/services/diskmanagement/HostData.java
/build/mts/release/bora-11397901/vsan-mgmt-ui/h5-plugin/h5-vsan-service/src/main/java/com/vmware/vsan/client/services/common/TaskService.java
/build/mts/release/bora-11397901/vsan-mgmt-ui/h5-plugin/h5-vsan-service/src/main/java/com/vmware/vsan/client/services/common/PermissionService.java
/build/mts/release/bora-11397901/vsan-mgmt-ui/h5-plugin/h5-vsan-service/src/main/java/com/vmware/vsan/client/services/common/CeipService.java
/build/mts/release/bora-11397901/vsan-mgmt-ui/h5-plugin/h5-vsan-service/src/main/java/com/vmware/vsan/client/services/common/data/VmData.java
/build/mts/release/bora-11397901/vsan-mgmt-ui/h5-plugin/h5-vsan-service/src/main/java/com/vmware/vsan/client/services/common/data/TaskInfoData.java
/build/mts/release/bora-11397901/vsan-mgmt-ui/h5-plugin/h5-vsan-service/src/main/java/com/vmware/vsan/client/services/common/data/Privileges.java
/build/mts/release/bora-11397901/vsan-mgmt-ui/h5-plugin/h5-vsan-service/src/main/java/com/vmware/vsan/client/services/common/data/ConnectionState.java
/build/mts/release/bora-11397901/vsan-mgmt-ui/h5-plugin/h5-vsan-service/src/main/java/com/vmware/vsan/client/services/diskplacement/VmDiskPlacementProvider.java
/build/mts/release/bora-11397901/vsan-mgmt-ui/h5-plugin/h5-vsan-service/src/main/java/com/vmware/vsan/client/services/stretchedcluster/DomainOrHostData.java
/build/mts/release/bora-11397901/vsan-mgmt-ui/h5-plugin/h5-vsan-service/src/main/java/com/vmware/vsan/client/services/stretchedcluster/ConfigureStretchedClusterService.java
/build/mts/release/bora-11397901/vsan-mgmt-ui/h5-plugin/h5-vsan-service/src/main/java/com/vmware/vsan/client/services/stretchedcluster/VsanHostsResult.java
/build/mts/release/bora-11397901/vsan-mgmt-ui/h5-plugin/h5-vsan-service/src/main/java/com/vmware/vsan/client/services/encryption/EncryptionStatus.java
/build/mts/release/bora-11397901/vsan-mgmt-ui/h5-plugin/h5-vsan-service/src/main/java/com/vmware/vsan/client/services/encryption/EncryptionPropertyProvider.java
/build/mts/release/bora-11397901/vsan-mgmt-ui/h5-plugin/h5-vsan-service/src/main/java/com/vmware/vsan/client/services/encryption/EncryptionMutationProvider.java
/build/mts/release/bora-11397901/vsan-mgmt-ui/h5-plugin/h5-vsan-service/src/main/java/com/vmware/vsan/client/util/NoOpMeasure.java
/build/mts/release/bora-11397901/vsan-mgmt-ui/h5-plugin/h5-vsan-service/src/main/java/com/vmware/vsan/client/util/Measure.java
/build/mts/release/bora-11397901/vsan-mgmt-ui/h5-plugin/h5-vsan-service/src/main/java/com/vmware/vsan/client/util/VmodlHelper.java
/build/mts/release/bora-11397901/vsan-mgmt-ui/h5-plugin/h5-vsan-service/src/main/java/com/vmware/vsan/client/util/VcPropertiesFacade.java
/build/mts/release/bora-11397901/vsan-mgmt-ui/h5-plugin/h5-vsan-service/src/main/java/com/vmware/vsan/client/util/StringUtil.java
/build/mts/release/bora-11397901/vsan-mgmt-ui/h5-plugin/h5-vsan-service/src/main/java/com/vmware/vsan/client/util/MeasurableFuture.java
/build/mts/release/bora-11397901/vsan-mgmt-ui/h5-plugin/h5-vsan-service/src/main/java/com/vmware/vsphere/client/vsan/upgrade/VsanUpgradeStatusData.java
/build/mts/release/bora-11397901/vsan-mgmt-ui/h5-plugin/h5-vsan-service/src/main/java/com/vmware/vsphere/client/vsan/upgrade/VsanUpgradePreflightCheckIssue.java
/build/mts/release/bora-11397901/vsan-mgmt-ui/h5-plugin/h5-vsan-service/src/main/java/com/vmware/vsphere/client/vsan/upgrade/VsanDiskVersionData.java
/build/mts/release/bora-11397901/vsan-mgmt-ui/h5-plugin/h5-vsan-service/src/main/java/com/vmware/vsphere/client/vsan/upgrade/VsanUpgradeSpec.java
/build/mts/release/bora-11397901/vsan-mgmt-ui/h5-plugin/h5-vsan-service/src/main/java/com/vmware/vsphere/client/vsan/upgrade/VsanUpgradePropertyProviderAdapter.java
/build/mts/release/bora-11397901/vsan-mgmt-ui/h5-plugin/h5-vsan-service/src/main/java/com/vmware/vsphere/client/vsan/upgrade/LegacyVsanObjectVersionProvider.java
/build/mts/release/bora-11397901/vsan-mgmt-ui/h5-plugin/h5-vsan-service/src/main/java/com/vmware/vsphere/client/vsan/upgrade/VsanUpgradePrecheckSpec.java
/build/mts/release/bora-11397901/vsan-mgmt-ui/h5-plugin/h5-vsan-service/src/main/java/com/vmware/vsphere/client/vsan/upgrade/VsanUpgradeMutationProvider.java
/build/mts/release/bora-11397901/vsan-mgmt-ui/h5-plugin/h5-vsan-service/src/main/java/com/vmware/vsphere/client/vsan/upgrade/VsanVersionInfoPerHost.java
/build/mts/release/bora-11397901/vsan-mgmt-ui/h5-plugin/h5-vsan-service/src/main/java/com/vmware/vsphere/client/vsan/upgrade/VsanUpgradePropertyProvider.java
/build/mts/release/bora-11397901/vsan-mgmt-ui/h5-plugin/h5-vsan-service/src/main/java/com/vmware/vsphere/client/vsan/base/util/VsanCapabilityUtils.java
/build/mts/release/bora-11397901/vsan-mgmt-ui/h5-plugin/h5-vsan-service/src/main/java/com/vmware/vsphere/client/vsan/base/util/multithreading/VsanAsyncQueryUtils.java
/build/mts/release/bora-11397901/vsan-mgmt-ui/h5-plugin/h5-vsan-service/src/main/java/com/vmware/vsphere/client/vsan/base/util/VsanCapabilityCacheManager.java
/build/mts/release/bora-11397901/vsan-mgmt-ui/h5-plugin/h5-vsan-service/src/main/java/com/vmware/vsphere/client/vsan/base/util/VsanProviderUtils.java
/build/mts/release/bora-11397901/vsan-mgmt-ui/h5-plugin/h5-vsan-service/src/main/java/com/vmware/vsphere/client/vsan/base/util/Version.java
/build/mts/release/bora-11397901/vsan-mgmt-ui/h5-plugin/h5-vsan-service/src/main/java/com/vmware/vsphere/client/vsan/base/util/BaseUtils.java
/build/mts/release/bora-11397901/vsan-mgmt-ui/h5-plugin/h5-vsan-service/src/main/java/com/vmware/vsphere/client/vsan/base/util/NetUtils.java
/build/mts/release/bora-11397901/vsan-mgmt-ui/h5-plugin/h5-vsan-service/src/main/java/com/vmware/vsphere/client/vsan/base/util/Constants.java
/build/mts/release/bora-11397901/vsan-mgmt-ui/h5-plugin/h5-vsan-service/src/main/java/com/vmware/vsphere/client/vsan/base/util/cache/TimeBasedCacheManager.java
/build/mts/release/bora-11397901/vsan-mgmt-ui/h5-plugin/h5-vsan-service/src/main/java/com/vmware/vsphere/client/vsan/base/util/cache/TimeBasedCacheEntry.java
/build/mts/release/bora-11397901/vsan-mgmt-ui/h5-plugin/h5-vsan-service/src/main/java/com/vmware/vsphere/client/vsan/base/util/cache/Cacheable.java
/build/mts/release/bora-11397901/vsan-mgmt-ui/h5-plugin/h5-vsan-service/src/main/java/com/vmware/vsphere/client/vsan/base/util/VsphereHealthProviderUtils.java
/build/mts/release/bora-11397901/vsan-mgmt-ui/h5-plugin/h5-vsan-service/src/main/java/com/vmware/vsphere/client/vsan/base/util/VsanProfiler.java
/build/mts/release/bora-11397901/vsan-mgmt-ui/h5-plugin/h5-vsan-service/src/main/java/com/vmware/vsphere/client/vsan/base/impl/PbmDataProvider.java
/build/mts/release/bora-11397901/vsan-mgmt-ui/h5-plugin/h5-vsan-service/src/main/java/com/vmware/vsphere/client/vsan/base/impl/VsanCapabilityProvider.java
/build/mts/release/bora-11397901/vsan-mgmt-ui/h5-plugin/h5-vsan-service/src/main/java/com/vmware/vsphere/client/vsan/base/impl/VsanComponentsProvider.java
/build/mts/release/bora-11397901/vsan-mgmt-ui/h5-plugin/h5-vsan-service/src/main/java/com/vmware/vsphere/client/vsan/base/data/VsanOperationalStatus.java
/build/mts/release/bora-11397901/vsan-mgmt-ui/h5-plugin/h5-vsan-service/src/main/java/com/vmware/vsphere/client/vsan/base/data/VsanComplianceStatus.java
/build/mts/release/bora-11397901/vsan-mgmt-ui/h5-plugin/h5-vsan-service/src/main/java/com/vmware/vsphere/client/vsan/base/data/VsanObject.java
/build/mts/release/bora-11397901/vsan-mgmt-ui/h5-plugin/h5-vsan-service/src/main/java/com/vmware/vsphere/client/vsan/base/data/VsanObjectDataProtectionHealthState.java
/build/mts/release/bora-11397901/vsan-mgmt-ui/h5-plugin/h5-vsan-service/src/main/java/com/vmware/vsphere/client/vsan/base/data/IscsiLun.java
/build/mts/release/bora-11397901/vsan-mgmt-ui/h5-plugin/h5-vsan-service/src/main/java/com/vmware/vsphere/client/vsan/base/data/VsanCapabilityData.java
/build/mts/release/bora-11397901/vsan-mgmt-ui/h5-plugin/h5-vsan-service/src/main/java/com/vmware/vsphere/client/vsan/base/data/VsanRootConfig.java
/build/mts/release/bora-11397901/vsan-mgmt-ui/h5-plugin/h5-vsan-service/src/main/java/com/vmware/vsphere/client/vsan/base/data/VsanRaidConfig.java
/build/mts/release/bora-11397901/vsan-mgmt-ui/h5-plugin/h5-vsan-service/src/main/java/com/vmware/vsphere/client/vsan/base/data/StoragePolicyData.java
/build/mts/release/bora-11397901/vsan-mgmt-ui/h5-plugin/h5-vsan-service/src/main/java/com/vmware/vsphere/client/vsan/base/data/IscsiLunStatus.java
/build/mts/release/bora-11397901/vsan-mgmt-ui/h5-plugin/h5-vsan-service/src/main/java/com/vmware/vsphere/client/vsan/base/data/VsanComponentState.java
/build/mts/release/bora-11397901/vsan-mgmt-ui/h5-plugin/h5-vsan-service/src/main/java/com/vmware/vsphere/client/vsan/base/data/IscsiTarget.java
/build/mts/release/bora-11397901/vsan-mgmt-ui/h5-plugin/h5-vsan-service/src/main/java/com/vmware/vsphere/client/vsan/base/data/VsanObjectHealthState.java
/build/mts/release/bora-11397901/vsan-mgmt-ui/h5-plugin/h5-vsan-service/src/main/java/com/vmware/vsphere/client/vsan/base/data/VsanObjectType.java
/build/mts/release/bora-11397901/vsan-mgmt-ui/h5-plugin/h5-vsan-service/src/main/java/com/vmware/vsphere/client/vsan/base/data/VsanCapabilityType.java
/build/mts/release/bora-11397901/vsan-mgmt-ui/h5-plugin/h5-vsan-service/src/main/java/com/vmware/vsphere/client/vsan/base/data/VsanComponent.java
/build/mts/release/bora-11397901/vsan-mgmt-ui/h5-plugin/h5-vsan-service/src/main/java/com/vmware/vsphere/client/vsan/base/data/ComponentIntent.java
/build/mts/release/bora-11397901/vsan-mgmt-ui/h5-plugin/h5-vsan-service/src/main/java/com/vmware/vsphere/client/vsan/base/service/VsanServiceFactoryImpl.java
/build/mts/release/bora-11397901/vsan-mgmt-ui/h5-plugin/h5-vsan-service/src/main/java/com/vmware/vsphere/client/vsan/base/service/VsphereHealthService.java
/build/mts/release/bora-11397901/vsan-mgmt-ui/h5-plugin/h5-vsan-service/src/main/java/com/vmware/vsphere/client/vsan/base/service/VsanServiceFactory.java
/build/mts/release/bora-11397901/vsan-mgmt-ui/h5-plugin/h5-vsan-service/src/main/java/com/vmware/vsphere/client/vsan/base/service/VsanServiceBundleActivator.java
/build/mts/release/bora-11397901/vsan-mgmt-ui/h5-plugin/h5-vsan-service/src/main/java/com/vmware/vsphere/client/vsan/base/service/VsanServiceImpl.java
/build/mts/release/bora-11397901/vsan-mgmt-ui/h5-plugin/h5-vsan-service/src/main/java/com/vmware/vsphere/client/vsan/base/service/VsanService.java
/build/mts/release/bora-11397901/vsan-mgmt-ui/h5-plugin/h5-vsan-service/src/main/java/com/vmware/vsphere/client/vsan/base/service/VsphereHealthServiceFactoryImpl.java
/build/mts/release/bora-11397901/vsan-mgmt-ui/h5-plugin/h5-vsan-service/src/main/java/com/vmware/vsphere/client/vsan/base/service/VsanServiceFactoryBase.java
/build/mts/release/bora-11397901/vsan-mgmt-ui/h5-plugin/h5-vsan-service/src/main/java/com/vmware/vsphere/client/vsan/base/service/ServiceBundleActivator.java
/build/mts/release/bora-11397901/vsan-mgmt-ui/h5-plugin/h5-vsan-service/src/main/java/com/vmware/vsphere/client/vsan/base/service/VsphereHealthServiceImpl.java
/build/mts/release/bora-11397901/vsan-mgmt-ui/h5-plugin/h5-vsan-service/src/main/java/com/vmware/vsphere/client/vsan/dataprovider/vum/VumPropertyProviderAdapter.java
/build/mts/release/bora-11397901/vsan-mgmt-ui/h5-plugin/h5-vsan-service/src/main/java/com/vmware/vsphere/client/vsan/dataprovider/VsanFolderPropertyProviderAdapter.java
/build/mts/release/bora-11397901/vsan-mgmt-ui/h5-plugin/h5-vsan-service/src/main/java/com/vmware/vsphere/client/vsan/dataprovider/VsanClusterPropertyProviderAdapter.java
/build/mts/release/bora-11397901/vsan-mgmt-ui/h5-plugin/h5-vsan-service/src/main/java/com/vmware/vsphere/client/vsan/dataprovider/VsanHostPropertyProviderAdapter.java
/build/mts/release/bora-11397901/vsan-mgmt-ui/h5-plugin/h5-vsan-service/src/main/java/com/vmware/vsphere/client/vsan/whatif/WhatIfSpec.java
/build/mts/release/bora-11397901/vsan-mgmt-ui/h5-plugin/h5-vsan-service/src/main/java/com/vmware/vsphere/client/vsan/whatif/WhatIfResult.java
/build/mts/release/bora-11397901/vsan-mgmt-ui/h5-plugin/h5-vsan-service/src/main/java/com/vmware/vsphere/client/vsan/whatif/WhatIfPropertyProvider.java
/build/mts/release/bora-11397901/vsan-mgmt-ui/h5-plugin/h5-vsan-service/src/main/java/com/vmware/vsphere/client/vsan/whatif/VsanWhatIfComplianceStatus.java
/build/mts/release/bora-11397901/vsan-mgmt-ui/h5-plugin/h5-vsan-service/src/main/java/com/vmware/vsphere/client/vsan/whatif/WhatIfPropertyProviderAdapter.java
/build/mts/release/bora-11397901/vsan-mgmt-ui/h5-plugin/h5-vsan-service/src/main/java/com/vmware/vsphere/client/vsan/whatif/WhatIfData.java
/build/mts/release/bora-11397901/vsan-mgmt-ui/h5-plugin/h5-vsan-service/src/main/java/com/vmware/vsphere/client/vsan/config/DataEfficiencySpec.java
/build/mts/release/bora-11397901/vsan-mgmt-ui/h5-plugin/h5-vsan-service/src/main/java/com/vmware/vsphere/client/vsan/config/ResyncThrottlingSpec.java
/build/mts/release/bora-11397901/vsan-mgmt-ui/h5-plugin/h5-vsan-service/src/main/java/com/vmware/vsphere/client/vsan/config/VsanConfigPropertyProviderAdapter.java
/build/mts/release/bora-11397901/vsan-mgmt-ui/h5-plugin/h5-vsan-service/src/main/java/com/vmware/vsphere/client/vsan/config/VsanSpec.java
/build/mts/release/bora-11397901/vsan-mgmt-ui/h5-plugin/h5-vsan-service/src/main/java/com/vmware/vsphere/client/vsan/health/VsanHealthServiceVersionCheck.java
/build/mts/release/bora-11397901/vsan-mgmt-ui/h5-plugin/h5-vsan-service/src/main/java/com/vmware/vsphere/client/vsan/health/VMCreationTestData.java
/build/mts/release/bora-11397901/vsan-mgmt-ui/h5-plugin/h5-vsan-service/src/main/java/com/vmware/vsphere/client/vsan/health/VsanTestData.java
/build/mts/release/bora-11397901/vsan-mgmt-ui/h5-plugin/h5-vsan-service/src/main/java/com/vmware/vsphere/client/vsan/health/HardwareOverallHealth.java
/build/mts/release/bora-11397901/vsan-mgmt-ui/h5-plugin/h5-vsan-service/src/main/java/com/vmware/vsphere/client/vsan/health/ComplianceCheckResultObj.java
/build/mts/release/bora-11397901/vsan-mgmt-ui/h5-plugin/h5-vsan-service/src/main/java/com/vmware/vsphere/client/vsan/health/VsanHealthDiskRebalanceSpec.java
/build/mts/release/bora-11397901/vsan-mgmt-ui/h5-plugin/h5-vsan-service/src/main/java/com/vmware/vsphere/client/vsan/health/VsanSpaceUsageDataModel.java
/build/mts/release/bora-11397901/vsan-mgmt-ui/h5-plugin/h5-vsan-service/src/main/java/com/vmware/vsphere/client/vsan/health/VMNetworkLoadTestData.java
/build/mts/release/bora-11397901/vsan-mgmt-ui/h5-plugin/h5-vsan-service/src/main/java/com/vmware/vsphere/client/vsan/health/VsanHealthServiceStatus.java
/build/mts/release/bora-11397901/vsan-mgmt-ui/h5-plugin/h5-vsan-service/src/main/java/com/vmware/vsphere/client/vsan/health/ObjectWithName.java
/build/mts/release/bora-11397901/vsan-mgmt-ui/h5-plugin/h5-vsan-service/src/main/java/com/vmware/vsphere/client/vsan/health/ComplianceCheckResultData.java
/build/mts/release/bora-11397901/vsan-mgmt-ui/h5-plugin/h5-vsan-service/src/main/java/com/vmware/vsphere/client/vsan/health/VsanStorageTestSpec.java
/build/mts/release/bora-11397901/vsan-mgmt-ui/h5-plugin/h5-vsan-service/src/main/java/com/vmware/vsphere/client/vsan/health/VsanConvertDiskFormatSpec.java
/build/mts/release/bora-11397901/vsan-mgmt-ui/h5-plugin/h5-vsan-service/src/main/java/com/vmware/vsphere/client/vsan/health/ProactiveTestData.java
/build/mts/release/bora-11397901/vsan-mgmt-ui/h5-plugin/h5-vsan-service/src/main/java/com/vmware/vsphere/client/vsan/health/ExternalProxySettingsConfig.java
/build/mts/release/bora-11397901/vsan-mgmt-ui/h5-plugin/h5-vsan-service/src/main/java/com/vmware/vsphere/client/vsan/health/VsanHealthRemediateClusterSpec.java
/build/mts/release/bora-11397901/vsan-mgmt-ui/h5-plugin/h5-vsan-service/src/main/java/com/vmware/vsphere/client/vsan/health/ComplianceCheckSummary.java
/build/mts/release/bora-11397901/vsan-mgmt-ui/h5-plugin/h5-vsan-service/src/main/java/com/vmware/vsphere/client/vsan/health/util/VsanHealthUtil.java
/build/mts/release/bora-11397901/vsan-mgmt-ui/h5-plugin/h5-vsan-service/src/main/java/com/vmware/vsphere/client/vsan/health/ColumnType.java
/build/mts/release/bora-11397901/vsan-mgmt-ui/h5-plugin/h5-vsan-service/src/main/java/com/vmware/vsphere/client/vsan/health/VsanTestColumn.java
/build/mts/release/bora-11397901/vsan-mgmt-ui/h5-plugin/h5-vsan-service/src/main/java/com/vmware/vsphere/client/vsan/health/VsanTestRow.java
/build/mts/release/bora-11397901/vsan-mgmt-ui/h5-plugin/h5-vsan-service/src/main/java/com/vmware/vsphere/client/vsan/health/VsanWhatIfCapacityModel.java
/build/mts/release/bora-11397901/vsan-mgmt-ui/h5-plugin/h5-vsan-service/src/main/java/com/vmware/vsphere/client/vsan/health/VsanTestTable.java
/build/mts/release/bora-11397901/vsan-mgmt-ui/h5-plugin/h5-vsan-service/src/main/java/com/vmware/vsphere/client/vsan/health/VsanHealthServiceSubStatus.java
/build/mts/release/bora-11397901/vsan-mgmt-ui/h5-plugin/h5-vsan-service/src/main/java/com/vmware/vsphere/client/vsan/health/VsanHealthMutationProvider.java
/build/mts/release/bora-11397901/vsan-mgmt-ui/h5-plugin/h5-vsan-service/src/main/java/com/vmware/vsphere/client/vsan/health/AggregatedVsanHealthSummary.java
/build/mts/release/bora-11397901/vsan-mgmt-ui/h5-plugin/h5-vsan-service/src/main/java/com/vmware/vsphere/client/vsan/health/VsanHealthServiceSpec.java
/build/mts/release/bora-11397901/vsan-mgmt-ui/h5-plugin/h5-vsan-service/src/main/java/com/vmware/vsphere/client/vsan/health/VsanHealthServicePreCheckResult.java
/build/mts/release/bora-11397901/vsan-mgmt-ui/h5-plugin/h5-vsan-service/src/main/java/com/vmware/vsphere/client/vsan/health/CapacityOverviewData.java
/build/mts/release/bora-11397901/vsan-mgmt-ui/h5-plugin/h5-vsan-service/src/main/java/com/vmware/vsphere/client/vsan/health/VsanObjectSpaceSummaryDataModel.java
/build/mts/release/bora-11397901/vsan-mgmt-ui/h5-plugin/h5-vsan-service/src/main/java/com/vmware/vsphere/client/vsan/health/VsanVMCreationStatus.java
/build/mts/release/bora-11397901/vsan-mgmt-ui/h5-plugin/h5-vsan-service/src/main/java/com/vmware/vsphere/client/vsan/health/VsanHealthData.java
/build/mts/release/bora-11397901/vsan-mgmt-ui/h5-plugin/h5-vsan-service/src/main/java/com/vmware/vsphere/client/vsan/health/VsanHealthStatus.java
/build/mts/release/bora-11397901/vsan-mgmt-ui/h5-plugin/h5-vsan-service/src/main/java/com/vmware/vsphere/client/vsan/health/VsanTestCell.java
/build/mts/release/bora-11397901/vsan-mgmt-ui/h5-plugin/h5-vsan-service/src/main/java/com/vmware/vsphere/client/vsan/health/VsanHealthStopDiskRebalanceSpec.java
/build/mts/release/bora-11397901/vsan-mgmt-ui/h5-plugin/h5-vsan-service/src/main/java/com/vmware/vsphere/client/vsan/health/VsanHealthServiceGoalState.java
/build/mts/release/bora-11397901/vsan-mgmt-ui/h5-plugin/h5-vsan-service/src/main/java/com/vmware/vsphere/client/vsan/health/HclUpdateOnlineSpec.java
/build/mts/release/bora-11397901/vsan-mgmt-ui/h5-plugin/h5-vsan-service/src/main/java/com/vmware/vsphere/client/vsan/health/HclUpdateOfflineSpec.java
/build/mts/release/bora-11397901/vsan-mgmt-ui/h5-plugin/h5-vsan-service/src/main/java/com/vmware/vsphere/client/vsan/health/VsanDataEfficiencyData.java
/build/mts/release/bora-11397901/vsan-mgmt-ui/h5-plugin/h5-vsan-service/src/main/java/com/vmware/vsphere/client/vsan/health/VsanHealthPropertyProvider.java
/build/mts/release/bora-11397901/vsan-mgmt-ui/h5-plugin/h5-vsan-service/src/main/java/com/vmware/vsphere/client/vsan/iscsi/models/cluster/VsanDatastoreHostData.java
/build/mts/release/bora-11397901/vsan-mgmt-ui/h5-plugin/h5-vsan-service/src/main/java/com/vmware/vsphere/client/vsan/iscsi/models/target/initiator/TargetInitiatorEditSpec.java
/build/mts/release/bora-11397901/vsan-mgmt-ui/h5-plugin/h5-vsan-service/src/main/java/com/vmware/vsphere/client/vsan/iscsi/models/target/initiator/TargetInitiatorSpec.java
/build/mts/release/bora-11397901/vsan-mgmt-ui/h5-plugin/h5-vsan-service/src/main/java/com/vmware/vsphere/client/vsan/iscsi/models/target/initiator/TargetInitiatorRemoveSpec.java
/build/mts/release/bora-11397901/vsan-mgmt-ui/h5-plugin/h5-vsan-service/src/main/java/com/vmware/vsphere/client/vsan/iscsi/models/target/TargetOperatoinSpec.java
/build/mts/release/bora-11397901/vsan-mgmt-ui/h5-plugin/h5-vsan-service/src/main/java/com/vmware/vsphere/client/vsan/iscsi/models/target/NetworkIpSetting.java
/build/mts/release/bora-11397901/vsan-mgmt-ui/h5-plugin/h5-vsan-service/src/main/java/com/vmware/vsphere/client/vsan/iscsi/models/target/lun/LunOperationSpec.java
/build/mts/release/bora-11397901/vsan-mgmt-ui/h5-plugin/h5-vsan-service/src/main/java/com/vmware/vsphere/client/vsan/iscsi/models/target/lun/TargetLunRemoveSpec.java
/build/mts/release/bora-11397901/vsan-mgmt-ui/h5-plugin/h5-vsan-service/src/main/java/com/vmware/vsphere/client/vsan/iscsi/models/initiatorgroup/target/InitiatorGroupTargetRemoveSpec.java
/build/mts/release/bora-11397901/vsan-mgmt-ui/h5-plugin/h5-vsan-service/src/main/java/com/vmware/vsphere/client/vsan/iscsi/models/initiatorgroup/target/InitiatorGroupTargetAdditionSpec.java
/build/mts/release/bora-11397901/vsan-mgmt-ui/h5-plugin/h5-vsan-service/src/main/java/com/vmware/vsphere/client/vsan/iscsi/models/initiatorgroup/target/InitiatorGroupTarget.java
/build/mts/release/bora-11397901/vsan-mgmt-ui/h5-plugin/h5-vsan-service/src/main/java/com/vmware/vsphere/client/vsan/iscsi/models/initiatorgroup/initiator/InitiatorGroupInitiator.java
/build/mts/release/bora-11397901/vsan-mgmt-ui/h5-plugin/h5-vsan-service/src/main/java/com/vmware/vsphere/client/vsan/iscsi/models/initiatorgroup/initiator/InitiatorGroupInitiatorRemoveSpec.java
/build/mts/release/bora-11397901/vsan-mgmt-ui/h5-plugin/h5-vsan-service/src/main/java/com/vmware/vsphere/client/vsan/iscsi/models/initiatorgroup/initiator/InitiatorGroupInitiatorAdditionSpec.java
/build/mts/release/bora-11397901/vsan-mgmt-ui/h5-plugin/h5-vsan-service/src/main/java/com/vmware/vsphere/client/vsan/iscsi/models/initiatorgroup/InitiatorGroupAdditionSpec.java
/build/mts/release/bora-11397901/vsan-mgmt-ui/h5-plugin/h5-vsan-service/src/main/java/com/vmware/vsphere/client/vsan/iscsi/models/initiatorgroup/InitiatorGroup.java
/build/mts/release/bora-11397901/vsan-mgmt-ui/h5-plugin/h5-vsan-service/src/main/java/com/vmware/vsphere/client/vsan/iscsi/models/config/VsanIscsiAuthSpec.java
/build/mts/release/bora-11397901/vsan-mgmt-ui/h5-plugin/h5-vsan-service/src/main/java/com/vmware/vsphere/client/vsan/iscsi/models/config/VsanIscsiConfigEditSpec.java
/build/mts/release/bora-11397901/vsan-mgmt-ui/h5-plugin/h5-vsan-service/src/main/java/com/vmware/vsphere/client/vsan/iscsi/models/config/VsanIscsiConfig.java
/build/mts/release/bora-11397901/vsan-mgmt-ui/h5-plugin/h5-vsan-service/src/main/java/com/vmware/vsphere/client/vsan/iscsi/models/config/VsanIscsiTargetConfig.java
/build/mts/release/bora-11397901/vsan-mgmt-ui/h5-plugin/h5-vsan-service/src/main/java/com/vmware/vsphere/client/vsan/iscsi/models/VsanIscsiTargetProviderParameter.java
/build/mts/release/bora-11397901/vsan-mgmt-ui/h5-plugin/h5-vsan-service/src/main/java/com/vmware/vsphere/client/vsan/iscsi/adapter/VsanIscsiTargetDataAdapter.java
/build/mts/release/bora-11397901/vsan-mgmt-ui/h5-plugin/h5-vsan-service/src/main/java/com/vmware/vsphere/client/vsan/iscsi/providers/VsanIscsiInitiatorGroupMutationProvider.java
/build/mts/release/bora-11397901/vsan-mgmt-ui/h5-plugin/h5-vsan-service/src/main/java/com/vmware/vsphere/client/vsan/iscsi/providers/VsanIscsiPropertyProvider.java
/build/mts/release/bora-11397901/vsan-mgmt-ui/h5-plugin/h5-vsan-service/src/main/java/com/vmware/vsphere/client/vsan/iscsi/providers/VsanIscsiMutationProvider.java
/build/mts/release/bora-11397901/vsan-mgmt-ui/h5-plugin/h5-vsan-service/src/main/java/com/vmware/vsphere/client/vsan/iscsi/providers/VsanIscsiInitiatorGroupPropertyProvider.java
/build/mts/release/bora-11397901/vsan-mgmt-ui/h5-plugin/h5-vsan-service/src/main/java/com/vmware/vsphere/client/vsan/iscsi/providers/VsanIscsiTargetMutationProvider.java
/build/mts/release/bora-11397901/vsan-mgmt-ui/h5-plugin/h5-vsan-service/src/main/java/com/vmware/vsphere/client/vsan/iscsi/providers/VsanIscsiTargetPropertyProvider.java
/build/mts/release/bora-11397901/vsan-mgmt-ui/h5-plugin/h5-vsan-service/src/main/java/com/vmware/vsphere/client/vsan/iscsi/utils/VsanIscsiTargetUriUtil.java
/build/mts/release/bora-11397901/vsan-mgmt-ui/h5-plugin/h5-vsan-service/src/main/java/com/vmware/vsphere/client/vsan/iscsi/utils/VsanIscsiUtil.java
/build/mts/release/bora-11397901/vsan-mgmt-ui/h5-plugin/h5-vsan-service/src/main/java/com/vmware/vsphere/client/vsan/support/VsanSupportMutationProvider.java
/build/mts/release/bora-11397901/vsan-mgmt-ui/h5-plugin/h5-vsan-service/src/main/java/com/vmware/vsphere/client/vsan/support/VsanSupportPropertyProvider.java
/build/mts/release/bora-11397901/vsan-mgmt-ui/h5-plugin/h5-vsan-service/src/main/java/com/vmware/vsphere/client/vsan/support/VsanSRAttachSpec.java
/build/mts/release/bora-11397901/vsan-mgmt-ui/h5-plugin/h5-vsan-service/src/main/java/com/vmware/vsphere/client/vsan/util/VsanAllFlashClaimOptionRecommender.java
/build/mts/release/bora-11397901/vsan-mgmt-ui/h5-plugin/h5-vsan-service/src/main/java/com/vmware/vsphere/client/vsan/util/VsanBaseClaimOptionRecommender.java
/build/mts/release/bora-11397901/vsan-mgmt-ui/h5-plugin/h5-vsan-service/src/main/java/com/vmware/vsphere/client/vsan/util/QueryUtil.java
/build/mts/release/bora-11397901/vsan-mgmt-ui/h5-plugin/h5-vsan-service/src/main/java/com/vmware/vsphere/client/vsan/util/VsanHybridClaimOptionRecommender.java
/build/mts/release/bora-11397901/vsan-mgmt-ui/h5-plugin/h5-vsan-service/src/main/java/com/vmware/vsphere/client/vsan/util/DataServiceResponse.java
/build/mts/release/bora-11397901/vsan-mgmt-ui/h5-plugin/h5-vsan-service/src/main/java/com/vmware/vsphere/client/vsan/util/Utils.java
/build/mts/release/bora-11397901/vsan-mgmt-ui/h5-plugin/h5-vsan-service/src/main/java/com/vmware/vsphere/client/vsan/util/FormatUtil.java
/build/mts/release/bora-11397901/vsan-mgmt-ui/h5-plugin/h5-vsan-service/src/main/java/com/vmware/vsphere/client/vsan/util/MessageBundle.java
/build/mts/release/bora-11397901/vsan-mgmt-ui/h5-plugin/h5-vsan-service/src/main/java/com/vmware/vsphere/client/vsan/capability/VsanCapabilityPropertyProviderAdapter.java
/build/mts/release/bora-11397901/vsan-mgmt-ui/h5-plugin/h5-vsan-service/src/main/java/com/vmware/vsphere/client/vsan/impl/ConfigureVsanClusterMutationProvider.java
/build/mts/release/bora-11397901/vsan-mgmt-ui/h5-plugin/h5-vsan-service/src/main/java/com/vmware/vsphere/client/vsan/impl/VsanMutationProvider.java
/build/mts/release/bora-11397901/vsan-mgmt-ui/h5-plugin/h5-vsan-service/src/main/java/com/vmware/vsphere/client/vsan/impl/VsanPropertyProvider.java
/build/mts/release/bora-11397901/vsan-mgmt-ui/h5-plugin/h5-vsan-service/src/main/java/com/vmware/vsphere/client/vsan/data/PhysicalDiskData.java
/build/mts/release/bora-11397901/vsan-mgmt-ui/h5-plugin/h5-vsan-service/src/main/java/com/vmware/vsphere/client/vsan/data/VsanDiskData.java
/build/mts/release/bora-11397901/vsan-mgmt-ui/h5-plugin/h5-vsan-service/src/main/java/com/vmware/vsphere/client/vsan/data/DiskLocalityType.java
/build/mts/release/bora-11397901/vsan-mgmt-ui/h5-plugin/h5-vsan-service/src/main/java/com/vmware/vsphere/client/vsan/data/VsanDiskVmMappingData.java
/build/mts/release/bora-11397901/vsan-mgmt-ui/h5-plugin/h5-vsan-service/src/main/java/com/vmware/vsphere/client/vsan/data/VsanDiskGroupData.java
/build/mts/release/bora-11397901/vsan-mgmt-ui/h5-plugin/h5-vsan-service/src/main/java/com/vmware/vsphere/client/vsan/data/EncryptionState.java
/build/mts/release/bora-11397901/vsan-mgmt-ui/h5-plugin/h5-vsan-service/src/main/java/com/vmware/vsphere/client/vsan/data/VsanDiskAndGroupData.java
/build/mts/release/bora-11397901/vsan-mgmt-ui/h5-plugin/h5-vsan-service/src/main/java/com/vmware/vsphere/client/vsan/data/VsanConfigSpec.java
/build/mts/release/bora-11397901/vsan-mgmt-ui/h5-plugin/h5-vsan-service/src/main/java/com/vmware/vsphere/client/vsan/data/VsanHostData.java
/build/mts/release/bora-11397901/vsan-mgmt-ui/h5-plugin/h5-vsan-service/src/main/java/com/vmware/vsphere/client/vsan/data/VsanSemiAutoClaimDisksData.java
/build/mts/release/bora-11397901/vsan-mgmt-ui/h5-plugin/h5-vsan-service/src/main/java/com/vmware/vsphere/client/vsan/data/EncryptionRekeySpec.java
/build/mts/release/bora-11397901/vsan-mgmt-ui/h5-plugin/h5-vsan-service/src/main/java/com/vmware/vsphere/client/vsan/data/HostPhysicalMappingData.java
/build/mts/release/bora-11397901/vsan-mgmt-ui/h5-plugin/h5-vsan-service/src/main/java/com/vmware/vsphere/client/vsan/data/KmipClusterData.java
/build/mts/release/bora-11397901/vsan-mgmt-ui/h5-plugin/h5-vsan-service/src/main/java/com/vmware/vsphere/client/vsan/data/ClaimOption.java
/build/mts/release/bora-11397901/vsan-mgmt-ui/h5-plugin/h5-vsan-service/src/main/java/com/vmware/vsphere/client/vsan/data/VsanVirtualPhysicalMappingData.java
/build/mts/release/bora-11397901/vsan-mgmt-ui/h5-plugin/h5-vsan-service/src/main/java/com/vmware/vsphere/client/vsan/stretched/WitnessHostSpec.java
/build/mts/release/bora-11397901/vsan-mgmt-ui/h5-plugin/h5-vsan-service/src/main/java/com/vmware/vsphere/client/vsan/stretched/VsanStretchedClusterPropertyProvider.java
/build/mts/release/bora-11397901/vsan-mgmt-ui/h5-plugin/h5-vsan-service/src/main/java/com/vmware/vsphere/client/vsan/stretched/WitnessHostData.java
/build/mts/release/bora-11397901/vsan-mgmt-ui/h5-plugin/h5-vsan-service/src/main/java/com/vmware/vsphere/client/vsan/stretched/VsanStretchedClusterConfig.java
/build/mts/release/bora-11397901/vsan-mgmt-ui/h5-plugin/h5-vsan-service/src/main/java/com/vmware/vsphere/client/vsan/stretched/WitnessHostValidationResult.java
/build/mts/release/bora-11397901/vsan-mgmt-ui/h5-plugin/h5-vsan-service/src/main/java/com/vmware/vsphere/client/vsan/stretched/LeaveVsanClusterSpec.java
/build/mts/release/bora-11397901/vsan-mgmt-ui/h5-plugin/h5-vsan-service/src/main/java/com/vmware/vsphere/client/vsan/stretched/VsanWitnessHostProvider.java
/build/mts/release/bora-11397901/vsan-mgmt-ui/h5-plugin/h5-vsan-service/src/main/java/com/vmware/vsphere/client/vsan/stretched/ResyncUnicastAgentSpec.java
/build/mts/release/bora-11397901/vsan-mgmt-ui/h5-plugin/h5-vsan-service/src/main/java/com/vmware/vsphere/client/vsan/stretched/VsanWitnessConfig.java
/build/mts/release/bora-11397901/vsan-mgmt-ui/h5-plugin/h5-vsan-service/src/main/java/com/vmware/vsphere/client/vsan/stretched/VsanStretchedClusterMutationProvider.java
/build/mts/release/bora-11397901/vsan-mgmt-ui/h5-plugin/h5-vsan-service/src/main/java/com/vmware/vsphere/client/vsan/stretched/PreferredFaultDomainData.java
/build/mts/release/bora-11397901/vsan-mgmt-ui/h5-plugin/h5-vsan-service/src/main/java/com/vmware/vsphere/client/vsan/stretched/DiskClaimingModeSpec.java
/build/mts/release/bora-11397901/vsan-mgmt-ui/h5-plugin/h5-vsan-service/src/main/java/com/vmware/vsphere/client/vsan/exception/GetClusterHealthSystemExcetpion.java
/build/mts/release/bora-11397901/vsan-mgmt-ui/h5-plugin/h5-vsan-service/src/main/java/com/vmware/vsphere/client/vsan/spec/VsanQueryDataEvacuationInfoSpec.java
/build/mts/release/bora-11397901/vsan-mgmt-ui/h5-plugin/h5-vsan-service/src/main/java/com/vmware/vsphere/client/vsan/spec/VsanFaultDomainSpec.java
/build/mts/release/bora-11397901/vsan-mgmt-ui/h5-plugin/h5-vsan-service/src/main/java/com/vmware/vsphere/client/vsan/spec/VsanSemiAutoDiskSpec.java
/build/mts/release/bora-11397901/vsan-mgmt-ui/h5-plugin/h5-vsan-service/src/main/java/com/vmware/vsphere/client/vsan/spec/VsanRemoveDiskGroupSpec.java
/build/mts/release/bora-11397901/vsan-mgmt-ui/h5-plugin/h5-vsan-service/src/main/java/com/vmware/vsphere/client/vsan/spec/VsanSemiAutoDiskMappingsSpec.java
/build/mts/release/bora-11397901/vsan-mgmt-ui/h5-plugin/h5-vsan-service/src/main/java/com/vmware/vsphere/client/vsan/spec/VsanRemoveDataDiskSpec.java
/build/mts/release/bora-11397901/vsan-mgmt-ui/h5-plugin/h5-vsan-service/src/main/java/com/vmware/vsphere/client/vsan/spec/VsanDiskMappingSpec.java
/build/mts/release/bora-11397901/vsan-mgmt-ui/h5-plugin/h5-vsan-service/src/main/java/com/vmware/vsphere/client/vsan/perf/model/ServerObjectInfo.java
/build/mts/release/bora-11397901/vsan-mgmt-ui/h5-plugin/h5-vsan-service/src/main/java/com/vmware/vsphere/client/vsan/perf/model/PerfGraphThresholdDirection.java
/build/mts/release/bora-11397901/vsan-mgmt-ui/h5-plugin/h5-vsan-service/src/main/java/com/vmware/vsphere/client/vsan/perf/model/PerfVscsiEntity.java
/build/mts/release/bora-11397901/vsan-mgmt-ui/h5-plugin/h5-vsan-service/src/main/java/com/vmware/vsphere/client/vsan/perf/model/SingleDiagnosticIssueEntity.java
/build/mts/release/bora-11397901/vsan-mgmt-ui/h5-plugin/h5-vsan-service/src/main/java/com/vmware/vsphere/client/vsan/perf/model/DiskGroup.java
/build/mts/release/bora-11397901/vsan-mgmt-ui/h5-plugin/h5-vsan-service/src/main/java/com/vmware/vsphere/client/vsan/perf/model/HostVnicsData.java
/build/mts/release/bora-11397901/vsan-mgmt-ui/h5-plugin/h5-vsan-service/src/main/java/com/vmware/vsphere/client/vsan/perf/model/CapacityHistoryBasicInfo.java
/build/mts/release/bora-11397901/vsan-mgmt-ui/h5-plugin/h5-vsan-service/src/main/java/com/vmware/vsphere/client/vsan/perf/model/DiagnosticException.java
/build/mts/release/bora-11397901/vsan-mgmt-ui/h5-plugin/h5-vsan-service/src/main/java/com/vmware/vsphere/client/vsan/perf/model/PerfPhysicalAdapterEntity.java
/build/mts/release/bora-11397901/vsan-mgmt-ui/h5-plugin/h5-vsan-service/src/main/java/com/vmware/vsphere/client/vsan/perf/model/PerfMonitorCommonPropsData.java
/build/mts/release/bora-11397901/vsan-mgmt-ui/h5-plugin/h5-vsan-service/src/main/java/com/vmware/vsphere/client/vsan/perf/model/AggregatedDiagnosticIssueEntity.java
/build/mts/release/bora-11397901/vsan-mgmt-ui/h5-plugin/h5-vsan-service/src/main/java/com/vmware/vsphere/client/vsan/perf/model/DiskInfo.java
/build/mts/release/bora-11397901/vsan-mgmt-ui/h5-plugin/h5-vsan-service/src/main/java/com/vmware/vsphere/client/vsan/perf/model/HostPnicsData.java
/build/mts/release/bora-11397901/vsan-mgmt-ui/h5-plugin/h5-vsan-service/src/main/java/com/vmware/vsphere/client/vsan/perf/model/PerfEntityStateData.java
/build/mts/release/bora-11397901/vsan-mgmt-ui/h5-plugin/h5-vsan-service/src/main/java/com/vmware/vsphere/client/vsan/perf/model/PerfQuerySpec.java
/build/mts/release/bora-11397901/vsan-mgmt-ui/h5-plugin/h5-vsan-service/src/main/java/com/vmware/vsphere/client/vsan/perf/model/PerfDiagnosticType.java
/build/mts/release/bora-11397901/vsan-mgmt-ui/h5-plugin/h5-vsan-service/src/main/java/com/vmware/vsphere/client/vsan/perf/model/EntityRefData.java
/build/mts/release/bora-11397901/vsan-mgmt-ui/h5-plugin/h5-vsan-service/src/main/java/com/vmware/vsphere/client/vsan/perf/model/PerfDiagnosticQuerySpec.java
/build/mts/release/bora-11397901/vsan-mgmt-ui/h5-plugin/h5-vsan-service/src/main/java/com/vmware/vsphere/client/vsan/perf/model/EntityPerfStateObject.java
/build/mts/release/bora-11397901/vsan-mgmt-ui/h5-plugin/h5-vsan-service/src/main/java/com/vmware/vsphere/client/vsan/perf/model/PerfVirtualDiskEntity.java
/build/mts/release/bora-11397901/vsan-mgmt-ui/h5-plugin/h5-vsan-service/src/main/java/com/vmware/vsphere/client/vsan/perf/model/PerformanceDiagnosticException.java
/build/mts/release/bora-11397901/vsan-mgmt-ui/h5-plugin/h5-vsan-service/src/main/java/com/vmware/vsphere/client/vsan/perf/model/PerfGraphMetricsData.java
/build/mts/release/bora-11397901/vsan-mgmt-ui/h5-plugin/h5-vsan-service/src/main/java/com/vmware/vsphere/client/vsan/perf/model/PerfVirtualMachineDiskData.java
/build/mts/release/bora-11397901/vsan-mgmt-ui/h5-plugin/h5-vsan-service/src/main/java/com/vmware/vsphere/client/vsan/perf/model/PerfTimeRangeData.java
/build/mts/release/bora-11397901/vsan-mgmt-ui/h5-plugin/h5-vsan-service/src/main/java/com/vmware/vsphere/client/vsan/perf/model/PerfStatsObjectInfo.java
/build/mts/release/bora-11397901/vsan-mgmt-ui/h5-plugin/h5-vsan-service/src/main/java/com/vmware/vsphere/client/vsan/perf/model/PerfVnicEntity.java
/build/mts/release/bora-11397901/vsan-mgmt-ui/h5-plugin/h5-vsan-service/src/main/java/com/vmware/vsphere/client/vsan/perf/model/ActiveVmnicDataSpec.java
/build/mts/release/bora-11397901/vsan-mgmt-ui/h5-plugin/h5-vsan-service/src/main/java/com/vmware/vsphere/client/vsan/perf/model/PerfStatesObjSpec.java
/build/mts/release/bora-11397901/vsan-mgmt-ui/h5-plugin/h5-vsan-service/src/main/java/com/vmware/vsphere/client/vsan/perf/model/PerformanceObjectType.java
/build/mts/release/bora-11397901/vsan-mgmt-ui/h5-plugin/h5-vsan-service/src/main/java/com/vmware/vsphere/client/vsan/perf/model/DiagnosticIssueEntity.java
/build/mts/release/bora-11397901/vsan-mgmt-ui/h5-plugin/h5-vsan-service/src/main/java/com/vmware/vsphere/client/vsan/perf/model/PerfGraphThreshold.java
/build/mts/release/bora-11397901/vsan-mgmt-ui/h5-plugin/h5-vsan-service/src/main/java/com/vmware/vsphere/client/vsan/perf/model/PerformanceDiagnosticData.java
/build/mts/release/bora-11397901/vsan-mgmt-ui/h5-plugin/h5-vsan-service/src/main/java/com/vmware/vsphere/client/vsan/perf/model/PerformanceExceptionsData.java
/build/mts/release/bora-11397901/vsan-mgmt-ui/h5-plugin/h5-vsan-service/src/main/java/com/vmware/vsphere/client/vsan/perf/model/PerformanceEntitiesData.java
/build/mts/release/bora-11397901/vsan-mgmt-ui/h5-plugin/h5-vsan-service/src/main/java/com/vmware/vsphere/client/vsan/perf/model/HostDiskGroupsData.java
/build/mts/release/bora-11397901/vsan-mgmt-ui/h5-plugin/h5-vsan-service/src/main/java/com/vmware/vsphere/client/vsan/perf/PerformanceDiagnosticsPropertyProvider.java
/build/mts/release/bora-11397901/vsan-mgmt-ui/h5-plugin/h5-vsan-service/src/main/java/com/vmware/vsphere/client/vsan/perf/VsanPerfPropertyProvider.java
/build/mts/release/bora-11397901/vsan-mgmt-ui/h5-plugin/h5-vsan-service/src/main/java/com/vmware/vsphere/client/vsan/perf/VsanPerfMutationProvider.java
/build/mts/release/bora-11397901/vsan-mgmt-ui/h5-plugin/h5-vsan-service/src/main/java/com/vmware/vsphere/client/vsan/guardrail/GuardRailPropertyProviderAdapter.java
/build/mts/release/bora-11397901/vsan-mgmt-ui/h5-plugin/h5-vsan-service/src/main/java/com/vmware/vsphere/client/vsan/guardrail/GuardRailMessageStatus.java
/build/mts/release/bora-11397901/vsan-mgmt-ui/h5-plugin/h5-vsan-service/src/main/java/com/vmware/vsphere/client/vsan/guardrail/GuardRailResult.java
/build/mts/release/bora-11397901/vsan-mgmt-ui/h5-plugin/h5-vsan-service/src/main/java/com/vmware/vsphere/client/vsandp/core/sessionmanager/vlsi/executor/ExecutorFactory.java
/build/mts/release/bora-11397901/vsan-mgmt-ui/h5-plugin/h5-vsan-service/src/main/java/com/vmware/vsphere/client/vsandp/core/sessionmanager/vlsi/executor/CloseableExecutorService.java
/build/mts/release/bora-11397901/vsan-mgmt-ui/h5-plugin/h5-vsan-service/src/main/java/com/vmware/vsphere/client/vsandp/core/sessionmanager/vlsi/executor/CachedExecutorFactory.java
/build/mts/release/bora-11397901/vsan-mgmt-ui/h5-plugin/h5-vsan-service/src/main/java/com/vmware/vsphere/client/vsandp/core/sessionmanager/vlsi/executor/NullExecutorFactory.java
/build/mts/release/bora-11397901/vsan-mgmt-ui/h5-plugin/h5-vsan-service/src/main/java/com/vmware/vsphere/client/vsandp/core/sessionmanager/vlsi/executor/ExecutorSettings.java
/build/mts/release/bora-11397901/vsan-mgmt-ui/h5-plugin/h5-vsan-service/src/main/java/com/vmware/vsphere/client/vsandp/core/sessionmanager/vlsi/client/VlsiExploratorySettings.java
/build/mts/release/bora-11397901/vsan-mgmt-ui/h5-plugin/h5-vsan-service/src/main/java/com/vmware/vsphere/client/vsandp/core/sessionmanager/vlsi/client/AbstractConnectionFactory.java
/build/mts/release/bora-11397901/vsan-mgmt-ui/h5-plugin/h5-vsan-service/src/main/java/com/vmware/vsphere/client/vsandp/core/sessionmanager/vlsi/client/http/LenientThumbprintVerifier.java
/build/mts/release/bora-11397901/vsan-mgmt-ui/h5-plugin/h5-vsan-service/src/main/java/com/vmware/vsphere/client/vsandp/core/sessionmanager/vlsi/client/http/ThumbprintSetVerifier.java
/build/mts/release/bora-11397901/vsan-mgmt-ui/h5-plugin/h5-vsan-service/src/main/java/com/vmware/vsphere/client/vsandp/core/sessionmanager/vlsi/client/http/SniffingThumbprintVerifier.java
/build/mts/release/bora-11397901/vsan-mgmt-ui/h5-plugin/h5-vsan-service/src/main/java/com/vmware/vsphere/client/vsandp/core/sessionmanager/vlsi/client/http/CachedHttpFactory.java
/build/mts/release/bora-11397901/vsan-mgmt-ui/h5-plugin/h5-vsan-service/src/main/java/com/vmware/vsphere/client/vsandp/core/sessionmanager/vlsi/client/http/SingleThumbprintVerifier.java
/build/mts/release/bora-11397901/vsan-mgmt-ui/h5-plugin/h5-vsan-service/src/main/java/com/vmware/vsphere/client/vsandp/core/sessionmanager/vlsi/client/http/HttpRequestContextProvider.java
/build/mts/release/bora-11397901/vsan-mgmt-ui/h5-plugin/h5-vsan-service/src/main/java/com/vmware/vsphere/client/vsandp/core/sessionmanager/vlsi/client/http/ClientCfg.java
/build/mts/release/bora-11397901/vsan-mgmt-ui/h5-plugin/h5-vsan-service/src/main/java/com/vmware/vsphere/client/vsandp/core/sessionmanager/vlsi/client/http/HttpFactory.java
/build/mts/release/bora-11397901/vsan-mgmt-ui/h5-plugin/h5-vsan-service/src/main/java/com/vmware/vsphere/client/vsandp/core/sessionmanager/vlsi/client/http/BaseHttpSettings.java
/build/mts/release/bora-11397901/vsan-mgmt-ui/h5-plugin/h5-vsan-service/src/main/java/com/vmware/vsphere/client/vsandp/core/sessionmanager/vlsi/client/http/ShaThumbprintVerifier.java
/build/mts/release/bora-11397901/vsan-mgmt-ui/h5-plugin/h5-vsan-service/src/main/java/com/vmware/vsphere/client/vsandp/core/sessionmanager/vlsi/client/http/HttpSettings.java
/build/mts/release/bora-11397901/vsan-mgmt-ui/h5-plugin/h5-vsan-service/src/main/java/com/vmware/vsphere/client/vsandp/core/sessionmanager/vlsi/client/VlsiFactory.java
/build/mts/release/bora-11397901/vsan-mgmt-ui/h5-plugin/h5-vsan-service/src/main/java/com/vmware/vsphere/client/vsandp/core/sessionmanager/vlsi/client/SsoInfo.java
/build/mts/release/bora-11397901/vsan-mgmt-ui/h5-plugin/h5-vsan-service/src/main/java/com/vmware/vsphere/client/vsandp/core/sessionmanager/vlsi/client/health/pbm/PbmHealthMonitor.java
/build/mts/release/bora-11397901/vsan-mgmt-ui/h5-plugin/h5-vsan-service/src/main/java/com/vmware/vsphere/client/vsandp/core/sessionmanager/vlsi/client/health/sso/LookupSvcHealthMonitor.java
/build/mts/release/bora-11397901/vsan-mgmt-ui/h5-plugin/h5-vsan-service/src/main/java/com/vmware/vsphere/client/vsandp/core/sessionmanager/vlsi/client/health/vc/VcHealthMonitor.java
/build/mts/release/bora-11397901/vsan-mgmt-ui/h5-plugin/h5-vsan-service/src/main/java/com/vmware/vsphere/client/vsandp/core/sessionmanager/vlsi/client/pbm/PbmConnection.java
/build/mts/release/bora-11397901/vsan-mgmt-ui/h5-plugin/h5-vsan-service/src/main/java/com/vmware/vsphere/client/vsandp/core/sessionmanager/vlsi/client/pbm/PbmFactory.java
/build/mts/release/bora-11397901/vsan-mgmt-ui/h5-plugin/h5-vsan-service/src/main/java/com/vmware/vsphere/client/vsandp/core/sessionmanager/vlsi/client/pbm/PbmExploratoryFactory.java
/build/mts/release/bora-11397901/vsan-mgmt-ui/h5-plugin/h5-vsan-service/src/main/java/com/vmware/vsphere/client/vsandp/core/sessionmanager/vlsi/client/Authenticator.java
/build/mts/release/bora-11397901/vsan-mgmt-ui/h5-plugin/h5-vsan-service/src/main/java/com/vmware/vsphere/client/vsandp/core/sessionmanager/vlsi/client/sso/LookupSvcFactory.java
/build/mts/release/bora-11397901/vsan-mgmt-ui/h5-plugin/h5-vsan-service/src/main/java/com/vmware/vsphere/client/vsandp/core/sessionmanager/vlsi/client/sso/StsService.java
/build/mts/release/bora-11397901/vsan-mgmt-ui/h5-plugin/h5-vsan-service/src/main/java/com/vmware/vsphere/client/vsandp/core/sessionmanager/vlsi/client/sso/CertificateHelper.java
/build/mts/release/bora-11397901/vsan-mgmt-ui/h5-plugin/h5-vsan-service/src/main/java/com/vmware/vsphere/client/vsandp/core/sessionmanager/vlsi/client/sso/LookupSvcConnection.java
/build/mts/release/bora-11397901/vsan-mgmt-ui/h5-plugin/h5-vsan-service/src/main/java/com/vmware/vsphere/client/vsandp/core/sessionmanager/vlsi/client/sso/Token.java
/build/mts/release/bora-11397901/vsan-mgmt-ui/h5-plugin/h5-vsan-service/src/main/java/com/vmware/vsphere/client/vsandp/core/sessionmanager/vlsi/client/sso/HokStsService.java
/build/mts/release/bora-11397901/vsan-mgmt-ui/h5-plugin/h5-vsan-service/src/main/java/com/vmware/vsphere/client/vsandp/core/sessionmanager/vlsi/client/sso/SsoAdminConnection.java
/build/mts/release/bora-11397901/vsan-mgmt-ui/h5-plugin/h5-vsan-service/src/main/java/com/vmware/vsphere/client/vsandp/core/sessionmanager/vlsi/client/sso/SsoAdminServiceAuthenticator.java
/build/mts/release/bora-11397901/vsan-mgmt-ui/h5-plugin/h5-vsan-service/src/main/java/com/vmware/vsphere/client/vsandp/core/sessionmanager/vlsi/client/sso/explorer/PbmRegistration.java
/build/mts/release/bora-11397901/vsan-mgmt-ui/h5-plugin/h5-vsan-service/src/main/java/com/vmware/vsphere/client/vsandp/core/sessionmanager/vlsi/client/sso/explorer/PbmLsExplorer.java
/build/mts/release/bora-11397901/vsan-mgmt-ui/h5-plugin/h5-vsan-service/src/main/java/com/vmware/vsphere/client/vsandp/core/sessionmanager/vlsi/client/sso/explorer/AbstractLsExplorer.java
/build/mts/release/bora-11397901/vsan-mgmt-ui/h5-plugin/h5-vsan-service/src/main/java/com/vmware/vsphere/client/vsandp/core/sessionmanager/vlsi/client/sso/explorer/VcRegistration.java
/build/mts/release/bora-11397901/vsan-mgmt-ui/h5-plugin/h5-vsan-service/src/main/java/com/vmware/vsphere/client/vsandp/core/sessionmanager/vlsi/client/sso/explorer/AbstractLsRegistration.java
/build/mts/release/bora-11397901/vsan-mgmt-ui/h5-plugin/h5-vsan-service/src/main/java/com/vmware/vsphere/client/vsandp/core/sessionmanager/vlsi/client/sso/explorer/VcLsExplorer.java
/build/mts/release/bora-11397901/vsan-mgmt-ui/h5-plugin/h5-vsan-service/src/main/java/com/vmware/vsphere/client/vsandp/core/sessionmanager/vlsi/client/sso/SsoException.java
/build/mts/release/bora-11397901/vsan-mgmt-ui/h5-plugin/h5-vsan-service/src/main/java/com/vmware/vsphere/client/vsandp/core/sessionmanager/vlsi/client/sso/SsoEndpoints.java
/build/mts/release/bora-11397901/vsan-mgmt-ui/h5-plugin/h5-vsan-service/src/main/java/com/vmware/vsphere/client/vsandp/core/sessionmanager/vlsi/client/sso/SsoAdminFactory.java
/build/mts/release/bora-11397901/vsan-mgmt-ui/h5-plugin/h5-vsan-service/src/main/java/com/vmware/vsphere/client/vsandp/core/sessionmanager/vlsi/client/sso/ServiceEndpoint.java
/build/mts/release/bora-11397901/vsan-mgmt-ui/h5-plugin/h5-vsan-service/src/main/java/com/vmware/vsphere/client/vsandp/core/sessionmanager/vlsi/client/sso/SsoSettings.java
/build/mts/release/bora-11397901/vsan-mgmt-ui/h5-plugin/h5-vsan-service/src/main/java/com/vmware/vsphere/client/vsandp/core/sessionmanager/vlsi/client/VlsiSettings.java
/build/mts/release/bora-11397901/vsan-mgmt-ui/h5-plugin/h5-vsan-service/src/main/java/com/vmware/vsphere/client/vsandp/core/sessionmanager/vlsi/client/vc/VcFactory.java
/build/mts/release/bora-11397901/vsan-mgmt-ui/h5-plugin/h5-vsan-service/src/main/java/com/vmware/vsphere/client/vsandp/core/sessionmanager/vlsi/client/vc/VcUtil.java
/build/mts/release/bora-11397901/vsan-mgmt-ui/h5-plugin/h5-vsan-service/src/main/java/com/vmware/vsphere/client/vsandp/core/sessionmanager/vlsi/client/vc/ImpersonatingVcAuth.java
/build/mts/release/bora-11397901/vsan-mgmt-ui/h5-plugin/h5-vsan-service/src/main/java/com/vmware/vsphere/client/vsandp/core/sessionmanager/vlsi/client/vc/CredentialsVcAuth.java
/build/mts/release/bora-11397901/vsan-mgmt-ui/h5-plugin/h5-vsan-service/src/main/java/com/vmware/vsphere/client/vsandp/core/sessionmanager/vlsi/client/vc/SsoVcAuth.java
/build/mts/release/bora-11397901/vsan-mgmt-ui/h5-plugin/h5-vsan-service/src/main/java/com/vmware/vsphere/client/vsandp/core/sessionmanager/vlsi/client/vc/VcAuthenticator.java
/build/mts/release/bora-11397901/vsan-mgmt-ui/h5-plugin/h5-vsan-service/src/main/java/com/vmware/vsphere/client/vsandp/core/sessionmanager/vlsi/client/vc/SdkTunnelHttpSettings.java
/build/mts/release/bora-11397901/vsan-mgmt-ui/h5-plugin/h5-vsan-service/src/main/java/com/vmware/vsphere/client/vsandp/core/sessionmanager/vlsi/client/vc/ExtensionVcAuth.java
/build/mts/release/bora-11397901/vsan-mgmt-ui/h5-plugin/h5-vsan-service/src/main/java/com/vmware/vsphere/client/vsandp/core/sessionmanager/vlsi/client/vc/VcExploratoryFactory.java
/build/mts/release/bora-11397901/vsan-mgmt-ui/h5-plugin/h5-vsan-service/src/main/java/com/vmware/vsphere/client/vsandp/core/sessionmanager/vlsi/client/vc/VcConnection.java
/build/mts/release/bora-11397901/vsan-mgmt-ui/h5-plugin/h5-vsan-service/src/main/java/com/vmware/vsphere/client/vsandp/core/sessionmanager/vlsi/client/dp/DpTokenAuthenticator.java
/build/mts/release/bora-11397901/vsan-mgmt-ui/h5-plugin/h5-vsan-service/src/main/java/com/vmware/vsphere/client/vsandp/core/sessionmanager/vlsi/client/dp/DpFactory.java
/build/mts/release/bora-11397901/vsan-mgmt-ui/h5-plugin/h5-vsan-service/src/main/java/com/vmware/vsphere/client/vsandp/core/sessionmanager/vlsi/client/dp/DpExploratoryFactory.java
/build/mts/release/bora-11397901/vsan-mgmt-ui/h5-plugin/h5-vsan-service/src/main/java/com/vmware/vsphere/client/vsandp/core/sessionmanager/vlsi/client/dp/DpHealthMonitor.java
/build/mts/release/bora-11397901/vsan-mgmt-ui/h5-plugin/h5-vsan-service/src/main/java/com/vmware/vsphere/client/vsandp/core/sessionmanager/vlsi/client/dp/DpConnection.java
/build/mts/release/bora-11397901/vsan-mgmt-ui/h5-plugin/h5-vsan-service/src/main/java/com/vmware/vsphere/client/vsandp/core/sessionmanager/vlsi/client/dp/DpExploratorySettings.java
/build/mts/release/bora-11397901/vsan-mgmt-ui/h5-plugin/h5-vsan-service/src/main/java/com/vmware/vsphere/client/vsandp/core/sessionmanager/vlsi/client/VlsiConnection.java
/build/mts/release/bora-11397901/vsan-mgmt-ui/h5-plugin/h5-vsan-service/src/main/java/com/vmware/vsphere/client/vsandp/core/sessionmanager/vlsi/util/MoRef.java
/build/mts/release/bora-11397901/vsan-mgmt-ui/h5-plugin/h5-vsan-service/src/main/java/com/vmware/vsphere/client/vsandp/core/sessionmanager/vlsi/util/ExtURI.java
/build/mts/release/bora-11397901/vsan-mgmt-ui/h5-plugin/h5-vsan-service/src/main/java/com/vmware/vsphere/client/vsandp/core/sessionmanager/vlsi/util/CertificateMatchVerifier.java
/build/mts/release/bora-11397901/vsan-mgmt-ui/h5-plugin/h5-vsan-service/src/main/java/com/vmware/vsphere/client/vsandp/core/sessionmanager/vlsi/util/RequestContextUtil.java
/build/mts/release/bora-11397901/vsan-mgmt-ui/h5-plugin/h5-vsan-service/src/main/java/com/vmware/vsphere/client/vsandp/core/sessionmanager/resource/util/CheckedRunnable.java
/build/mts/release/bora-11397901/vsan-mgmt-ui/h5-plugin/h5-vsan-service/src/main/java/com/vmware/vsphere/client/vsandp/core/sessionmanager/resource/util/ClientCertificate.java
/build/mts/release/bora-11397901/vsan-mgmt-ui/h5-plugin/h5-vsan-service/src/main/java/com/vmware/vsphere/client/vsandp/core/sessionmanager/resource/util/EqualityLock.java
/build/mts/release/bora-11397901/vsan-mgmt-ui/h5-plugin/h5-vsan-service/src/main/java/com/vmware/vsphere/client/vsandp/core/sessionmanager/resource/util/CertUtil.java
/build/mts/release/bora-11397901/vsan-mgmt-ui/h5-plugin/h5-vsan-service/src/main/java/com/vmware/vsphere/client/vsandp/core/sessionmanager/resource/util/HashUtil.java
/build/mts/release/bora-11397901/vsan-mgmt-ui/h5-plugin/h5-vsan-service/src/main/java/com/vmware/vsphere/client/vsandp/core/sessionmanager/resource/resource/Resource.java
/build/mts/release/bora-11397901/vsan-mgmt-ui/h5-plugin/h5-vsan-service/src/main/java/com/vmware/vsphere/client/vsandp/core/sessionmanager/resource/resource/health/HealthCheckingFactory.java
/build/mts/release/bora-11397901/vsan-mgmt-ui/h5-plugin/h5-vsan-service/src/main/java/com/vmware/vsphere/client/vsandp/core/sessionmanager/resource/resource/health/IHealthMonitor.java
/build/mts/release/bora-11397901/vsan-mgmt-ui/h5-plugin/h5-vsan-service/src/main/java/com/vmware/vsphere/client/vsandp/core/sessionmanager/resource/resource/ResourceFactory.java
/build/mts/release/bora-11397901/vsan-mgmt-ui/h5-plugin/h5-vsan-service/src/main/java/com/vmware/vsphere/client/vsandp/core/sessionmanager/resource/resource/CacheEntry.java
/build/mts/release/bora-11397901/vsan-mgmt-ui/h5-plugin/h5-vsan-service/src/main/java/com/vmware/vsphere/client/vsandp/core/sessionmanager/resource/resource/CachedResourceFactory.java
/build/mts/release/bora-11397901/vsan-mgmt-ui/h5-plugin/h5-vsan-service/src/main/java/com/vmware/vsphere/client/vsandp/core/sessionmanager/common/SessionLocal.java
/build/mts/release/bora-11397901/vsan-mgmt-ui/h5-plugin/h5-vsan-service/src/main/java/com/vmware/vsphere/client/vsandp/core/sessionmanager/common/LsParams.java
/build/mts/release/bora-11397901/vsan-mgmt-ui/h5-plugin/h5-vsan-service/src/main/java/com/vmware/vsphere/client/vsandp/core/sessionmanager/common/VcClient.java
/build/mts/release/bora-11397901/vsan-mgmt-ui/h5-plugin/h5-vsan-service/src/main/java/com/vmware/vsphere/client/vsandp/core/sessionmanager/common/LookupSvcInfo.java
/build/mts/release/bora-11397901/vsan-mgmt-ui/h5-plugin/h5-vsan-service/src/main/java/com/vmware/vsphere/client/vsandp/core/sessionmanager/common/NotAccessibleException.java
/build/mts/release/bora-11397901/vsan-mgmt-ui/h5-plugin/h5-vsan-service/src/main/java/com/vmware/vsphere/client/vsandp/core/sessionmanager/common/LookupSvcLocatorImpl.java
/build/mts/release/bora-11397901/vsan-mgmt-ui/h5-plugin/h5-vsan-service/src/main/java/com/vmware/vsphere/client/vsandp/core/sessionmanager/common/LookupSvcClient.java
/build/mts/release/bora-11397901/vsan-mgmt-ui/h5-plugin/h5-vsan-service/src/main/java/com/vmware/vsphere/client/vsandp/core/sessionmanager/common/CertificateUtils.java
/build/mts/release/bora-11397901/vsan-mgmt-ui/h5-plugin/h5-vsan-service/src/main/java/com/vmware/vsphere/client/vsandp/core/sessionmanager/common/FallbackLookupSvcLocator.java
/build/mts/release/bora-11397901/vsan-mgmt-ui/h5-plugin/h5-vsan-service/src/main/java/com/vmware/vsphere/client/vsandp/core/sessionmanager/common/LookupSvcLocator.java
/build/mts/release/bora-11397901/vsan-mgmt-ui/h5-plugin/h5-vsan-service/src/main/java/com/vmware/vsphere/client/vsandp/core/sessionmanager/common/Constants.java
/build/mts/release/bora-11397901/vsan-mgmt-ui/h5-plugin/h5-vsan-service/src/main/java/com/vmware/vsphere/client/vsandp/core/sessionmanager/common/PbmClient.java
/build/mts/release/bora-11397901/vsan-mgmt-ui/h5-plugin/h5-vsan-service/src/main/java/com/vmware/vsphere/client/vsandp/core/sessionmanager/common/DelegatingLookupSvcLocator.java
/build/mts/release/bora-11397901/vsan-mgmt-ui/h5-plugin/h5-vsan-service/src/main/java/com/vmware/vsphere/client/vsandp/core/sessionmanager/common/NotAuthenticatedException.java
/build/mts/release/bora-11397901/vsan-mgmt-ui/h5-plugin/h5-vsan-service/src/main/java/com/vmware/vsphere/client/vsandp/core/sessionmanager/common/DpClient.java
/build/mts/release/bora-11397901/vsan-mgmt-ui/h5-plugin/h5-vsan-service/src/main/java/com/vmware/vsphere/client/vsandp/core/Nullable.java
/build/mts/release/bora-11397901/vsan-mgmt-ui/h5-plugin/h5-vsan-service/src/main/java/com/vmware/vsphere/client/vsandp/core/package-info.java
/build/mts/release/bora-11397901/vsan-mgmt-ui/h5-plugin/h5-vsan-service/src/main/java/com/vmware/vsphere/client/vsandp/core/AsModel.java
/build/mts/release/bora-11397901/vsan-mgmt-ui/h5-plugin/h5-vsan-service/src/main/java/com/vmware/vsphere/client/vsandp/core/logging/VsanDpTimingAspect.aj
/build/mts/release/bora-11397901/vsan-mgmt-ui/h5-plugin/h5-vsan-service/src/main/java/com/vmware/vsphere/client/vsandp/core/AsProxy.java
/build/mts/release/bora-11397901/vsan-mgmt-ui/h5-plugin/h5-vsan-service/src/main/java/com/vmware/vsphere/client/vsandp/controllers/vm/summary/model/VmArchiveDataProtectionData.java
/build/mts/release/bora-11397901/vsan-mgmt-ui/h5-plugin/h5-vsan-service/src/main/java/com/vmware/vsphere/client/vsandp/controllers/vm/summary/model/VmDataProtectionData.java
/build/mts/release/bora-11397901/vsan-mgmt-ui/h5-plugin/h5-vsan-service/src/main/java/com/vmware/vsphere/client/vsandp/controllers/vm/summary/model/VmLocalDataProtectionData.java
/build/mts/release/bora-11397901/vsan-mgmt-ui/h5-plugin/h5-vsan-service/src/main/java/com/vmware/vsphere/client/vsandp/controllers/vm/summary/model/VmDataProtectionStatus.java
/build/mts/release/bora-11397901/vsan-mgmt-ui/h5-plugin/h5-vsan-service/src/main/java/com/vmware/vsphere/client/vsandp/controllers/vm/summary/VmDataProtectionSummaryController.java
/build/mts/release/bora-11397901/vsan-mgmt-ui/h5-plugin/h5-vsan-service/src/main/java/com/vmware/vsphere/client/vsandp/controllers/vm/monitor/vsan/model/VmProtectionInstance.java
/build/mts/release/bora-11397901/vsan-mgmt-ui/h5-plugin/h5-vsan-service/src/main/java/com/vmware/vsphere/client/vsandp/controllers/vm/monitor/vsan/model/filter/VmProtectionInstanceFilter.java
/build/mts/release/bora-11397901/vsan-mgmt-ui/h5-plugin/h5-vsan-service/src/main/java/com/vmware/vsphere/client/vsandp/controllers/vm/monitor/vsan/model/filter/VmProtectionInstanceFilterSpec.java
/build/mts/release/bora-11397901/vsan-mgmt-ui/h5-plugin/h5-vsan-service/src/main/java/com/vmware/vsphere/client/vsandp/controllers/vm/monitor/vsan/model/filter/VmProtectionInstanceFilterEnum.java
/build/mts/release/bora-11397901/vsan-mgmt-ui/h5-plugin/h5-vsan-service/src/main/java/com/vmware/vsphere/client/vsandp/controllers/vm/monitor/vsan/model/VmProtectionInstanceProviderModel.java
/build/mts/release/bora-11397901/vsan-mgmt-ui/h5-plugin/h5-vsan-service/src/main/java/com/vmware/vsphere/client/vsandp/controllers/vm/monitor/vsan/VmDataProtectionSyncPointsController.java
/build/mts/release/bora-11397901/vsan-mgmt-ui/h5-plugin/h5-vsan-service/src/main/java/com/vmware/vsphere/client/vsandp/controllers/vm/monitor/vsan/VirtualObjectsDataProtectionController.java
/build/mts/release/bora-11397901/vsan-mgmt-ui/h5-plugin/h5-vsan-service/src/main/java/com/vmware/vsphere/client/vsandp/controllers/vm/monitor/vsan/provider/pits/PitProvider.java
/build/mts/release/bora-11397901/vsan-mgmt-ui/h5-plugin/h5-vsan-service/src/main/java/com/vmware/vsphere/client/vsandp/controllers/vm/monitor/vsan/provider/pits/impl/VsanDpServicePitProvider.java
/build/mts/release/bora-11397901/vsan-mgmt-ui/h5-plugin/h5-vsan-service/src/main/java/com/vmware/vsphere/client/vsandp/controllers/vm/action/promote/PromoteActionController.java
/build/mts/release/bora-11397901/vsan-mgmt-ui/h5-plugin/h5-vsan-service/src/main/java/com/vmware/vsphere/client/vsandp/data/ProtectionType.java
/build/mts/release/bora-11397901/vsan-mgmt-ui/h5-plugin/h5-vsan-service/src/main/java/com/vmware/vsphere/client/vsandp/helper/VsanDpInventoryHelper.java
/build/mts/release/bora-11397901/vsan-mgmt-ui/h5-plugin/h5-vsan-service/src/main/java/com/vmware/vsphere/client/vsandp/helper/VmodlContextInitializer.java
/build/mts/release/bora-11397901/vsan-mgmt-ui/h5-plugin/h5-vsan-service/src/main/java/com/vmware/vsphere/client/vsandp/dataproviders/vm/VmDataProtectionPropertyProviderAdapter.java
/build/mts/release/bora-11397901/vsan-mgmt-ui/h5-plugin/h5-vsan-service/src/main/java/com/vmware/vsphere/client/vsandp/dataproviders/vm/VmConsistencyGroupPropertyProvider.java
/build/mts/release/bora-11397901/vsan-mgmt-ui/h5-plugin/h5-vsan-service/src/main/java/com/vmware/vsphere/client/vsandp/workflowbacking/recovery/restore/model/RestoreVmSpec.java
/build/mts/release/bora-11397901/vsan-mgmt-ui/h5-plugin/h5-vsan-service/src/main/java/com/vmware/vsphere/client/vsandp/workflowbacking/recovery/restore/model/MultiRestoreVmSpec.java
/build/mts/release/bora-11397901/vsan-mgmt-ui/h5-plugin/h5-vsan-service/src/main/java/com/vmware/vsphere/client/vsandp/workflowbacking/recovery/restore/model/GetClosestSyncPointsSpec.java
/build/mts/release/bora-11397901/vsan-mgmt-ui/h5-plugin/h5-vsan-service/src/main/java/com/vmware/vsphere/client/vsandp/workflowbacking/recovery/restore/model/VmInventoryModel.java
/build/mts/release/bora-11397901/vsan-mgmt-ui/h5-plugin/h5-vsan-service/src/main/java/com/vmware/vsphere/client/vsandp/workflowbacking/recovery/restore/MultiVmRestoreBacking.java
/build/mts/release/bora-11397901/vsan-mgmt-ui/h5-plugin/h5-vsan-service/src/main/java/com/vmware/vsphere/client/vsandp/workflowbacking/recovery/restore/SingleVmRestoreBacking.java
/build/mts/release/bora-11397901/vsan-mgmt-ui/h5-plugin/h5-vsan-service/src/main/java/com/vmware/vsphere/client/vsandp/workflowbacking/recovery/restore/RestoreWorkflowBacking.java
